{"C:\\Users\\Alek\\source\\repos\\MERN_SensorDataManagementSystem\\server\\index.js": {"path":"C:\\Users\\Alek\\source\\repos\\MERN_SensorDataManagementSystem\\server\\index.js","statementMap":{"0":{"start":{"line":1,"column":16},"end":{"line":1,"column":34}},"1":{"start":{"line":2,"column":19},"end":{"line":2,"column":41}},"2":{"start":{"line":3,"column":13},"end":{"line":3,"column":28}},"3":{"start":{"line":4,"column":13},"end":{"line":4,"column":28}},"4":{"start":{"line":5,"column":11},"end":{"line":5,"column":24}},"5":{"start":{"line":7,"column":11},"end":{"line":7,"column":26}},"6":{"start":{"line":8,"column":15},"end":{"line":8,"column":37}},"7":{"start":{"line":9,"column":19},"end":{"line":9,"column":56}},"8":{"start":{"line":11,"column":12},"end":{"line":11,"column":21}},"9":{"start":{"line":12,"column":16},"end":{"line":12,"column":20}},"10":{"start":{"line":14,"column":0},"end":{"line":14,"column":50}},"11":{"start":{"line":15,"column":0},"end":{"line":15,"column":15}},"12":{"start":{"line":16,"column":0},"end":{"line":16,"column":26}},"13":{"start":{"line":18,"column":0},"end":{"line":18,"column":73}},"14":{"start":{"line":20,"column":0},"end":{"line":22,"column":2}},"15":{"start":{"line":21,"column":4},"end":{"line":21,"column":27}},"16":{"start":{"line":24,"column":0},"end":{"line":24,"column":27}},"17":{"start":{"line":25,"column":0},"end":{"line":25,"column":46}},"18":{"start":{"line":26,"column":0},"end":{"line":26,"column":64}},"19":{"start":{"line":26,"column":40},"end":{"line":26,"column":61}},"20":{"start":{"line":28,"column":0},"end":{"line":28,"column":8}},"21":{"start":{"line":30,"column":0},"end":{"line":30,"column":86}},"22":{"start":{"line":30,"column":37},"end":{"line":30,"column":85}},"23":{"start":{"line":32,"column":0},"end":{"line":32,"column":20}}},"fnMap":{"0":{"name":"(anonymous_0)","decl":{"start":{"line":20,"column":13},"end":{"line":20,"column":14}},"loc":{"start":{"line":20,"column":27},"end":{"line":22,"column":1}},"line":20},"1":{"name":"(anonymous_1)","decl":{"start":{"line":26,"column":18},"end":{"line":26,"column":19}},"loc":{"start":{"line":26,"column":38},"end":{"line":26,"column":63}},"line":26},"2":{"name":"(anonymous_2)","decl":{"start":{"line":30,"column":31},"end":{"line":30,"column":32}},"loc":{"start":{"line":30,"column":37},"end":{"line":30,"column":85}},"line":30}},"branchMap":{},"s":{"0":4,"1":4,"2":4,"3":4,"4":4,"5":4,"6":4,"7":4,"8":4,"9":4,"10":4,"11":4,"12":4,"13":4,"14":4,"15":0,"16":4,"17":4,"18":4,"19":0,"20":4,"21":4,"22":1,"23":4},"f":{"0":0,"1":0,"2":1},"b":{},"_coverageSchema":"1a1c01bbd47fc00a2c39e90264f33305004495a9","hash":"41980d971736c7999384a03786b491a31804fabd"}
,"C:\\Users\\Alek\\source\\repos\\MERN_SensorDataManagementSystem\\server\\controllers\\bundlegroup-controller.js": {"path":"C:\\Users\\Alek\\source\\repos\\MERN_SensorDataManagementSystem\\server\\controllers\\bundlegroup-controller.js","statementMap":{"0":{"start":{"line":1,"column":20},"end":{"line":1,"column":58}},"1":{"start":{"line":2,"column":22},"end":{"line":2,"column":62}},"2":{"start":{"line":3,"column":19},"end":{"line":3,"column":56}},"3":{"start":{"line":5,"column":0},"end":{"line":23,"column":1}},"4":{"start":{"line":6,"column":4},"end":{"line":22,"column":37}},"5":{"start":{"line":7,"column":8},"end":{"line":11,"column":9}},"6":{"start":{"line":8,"column":12},"end":{"line":10,"column":53}},"7":{"start":{"line":13,"column":8},"end":{"line":17,"column":9}},"8":{"start":{"line":14,"column":12},"end":{"line":16,"column":75}},"9":{"start":{"line":19,"column":8},"end":{"line":21,"column":51}},"10":{"start":{"line":22,"column":20},"end":{"line":22,"column":36}},"11":{"start":{"line":25,"column":0},"end":{"line":53,"column":1}},"12":{"start":{"line":26,"column":17},"end":{"line":26,"column":25}},"13":{"start":{"line":28,"column":4},"end":{"line":32,"column":5}},"14":{"start":{"line":29,"column":8},"end":{"line":31,"column":82}},"15":{"start":{"line":34,"column":24},"end":{"line":34,"column":45}},"16":{"start":{"line":36,"column":4},"end":{"line":40,"column":5}},"17":{"start":{"line":37,"column":8},"end":{"line":39,"column":49}},"18":{"start":{"line":42,"column":4},"end":{"line":52,"column":10}},"19":{"start":{"line":45,"column":12},"end":{"line":47,"column":59}},"20":{"start":{"line":49,"column":12},"end":{"line":51,"column":78}},"21":{"start":{"line":55,"column":0},"end":{"line":73,"column":1}},"22":{"start":{"line":56,"column":4},"end":{"line":72,"column":37}},"23":{"start":{"line":57,"column":8},"end":{"line":61,"column":9}},"24":{"start":{"line":58,"column":12},"end":{"line":60,"column":54}},"25":{"start":{"line":63,"column":8},"end":{"line":67,"column":9}},"26":{"start":{"line":64,"column":12},"end":{"line":66,"column":74}},"27":{"start":{"line":69,"column":8},"end":{"line":71,"column":49}},"28":{"start":{"line":72,"column":20},"end":{"line":72,"column":36}},"29":{"start":{"line":75,"column":0},"end":{"line":79,"column":1}}},"fnMap":{"0":{"name":"(anonymous_0)","decl":{"start":{"line":5,"column":26},"end":{"line":5,"column":27}},"loc":{"start":{"line":5,"column":46},"end":{"line":23,"column":1}},"line":5},"1":{"name":"(anonymous_1)","decl":{"start":{"line":6,"column":58},"end":{"line":6,"column":59}},"loc":{"start":{"line":6,"column":76},"end":{"line":22,"column":5}},"line":6},"2":{"name":"(anonymous_2)","decl":{"start":{"line":22,"column":13},"end":{"line":22,"column":14}},"loc":{"start":{"line":22,"column":20},"end":{"line":22,"column":36}},"line":22},"3":{"name":"(anonymous_3)","decl":{"start":{"line":25,"column":20},"end":{"line":25,"column":21}},"loc":{"start":{"line":25,"column":40},"end":{"line":53,"column":1}},"line":25},"4":{"name":"(anonymous_4)","decl":{"start":{"line":44,"column":14},"end":{"line":44,"column":15}},"loc":{"start":{"line":44,"column":20},"end":{"line":48,"column":9}},"line":44},"5":{"name":"(anonymous_5)","decl":{"start":{"line":48,"column":17},"end":{"line":48,"column":18}},"loc":{"start":{"line":48,"column":26},"end":{"line":52,"column":9}},"line":48},"6":{"name":"(anonymous_6)","decl":{"start":{"line":55,"column":20},"end":{"line":55,"column":21}},"loc":{"start":{"line":55,"column":40},"end":{"line":73,"column":1}},"line":55},"7":{"name":"(anonymous_7)","decl":{"start":{"line":56,"column":64},"end":{"line":56,"column":65}},"loc":{"start":{"line":56,"column":80},"end":{"line":72,"column":5}},"line":56},"8":{"name":"(anonymous_8)","decl":{"start":{"line":72,"column":13},"end":{"line":72,"column":14}},"loc":{"start":{"line":72,"column":20},"end":{"line":72,"column":36}},"line":72}},"branchMap":{"0":{"loc":{"start":{"line":7,"column":8},"end":{"line":11,"column":9}},"type":"if","locations":[{"start":{"line":7,"column":8},"end":{"line":11,"column":9}},{"start":{},"end":{}}],"line":7},"1":{"loc":{"start":{"line":13,"column":8},"end":{"line":17,"column":9}},"type":"if","locations":[{"start":{"line":13,"column":8},"end":{"line":17,"column":9}},{"start":{},"end":{}}],"line":13},"2":{"loc":{"start":{"line":28,"column":4},"end":{"line":32,"column":5}},"type":"if","locations":[{"start":{"line":28,"column":4},"end":{"line":32,"column":5}},{"start":{},"end":{}}],"line":28},"3":{"loc":{"start":{"line":36,"column":4},"end":{"line":40,"column":5}},"type":"if","locations":[{"start":{"line":36,"column":4},"end":{"line":40,"column":5}},{"start":{},"end":{}}],"line":36},"4":{"loc":{"start":{"line":57,"column":8},"end":{"line":61,"column":9}},"type":"if","locations":[{"start":{"line":57,"column":8},"end":{"line":61,"column":9}},{"start":{},"end":{}}],"line":57},"5":{"loc":{"start":{"line":63,"column":8},"end":{"line":67,"column":9}},"type":"if","locations":[{"start":{"line":63,"column":8},"end":{"line":67,"column":9}},{"start":{},"end":{}}],"line":63}},"s":{"0":4,"1":4,"2":4,"3":4,"4":6,"5":6,"6":0,"7":6,"8":3,"9":3,"10":6,"11":4,"12":12,"13":12,"14":2,"15":10,"16":10,"17":0,"18":10,"19":9,"20":1,"21":4,"22":3,"23":3,"24":0,"25":3,"26":0,"27":3,"28":3,"29":4},"f":{"0":6,"1":6,"2":6,"3":12,"4":9,"5":1,"6":3,"7":3,"8":3},"b":{"0":[0,6],"1":[3,3],"2":[2,10],"3":[0,10],"4":[0,3],"5":[0,3]},"_coverageSchema":"1a1c01bbd47fc00a2c39e90264f33305004495a9","hash":"73806c8a3bda1157fe992d37258a3711621c658b"}
,"C:\\Users\\Alek\\source\\repos\\MERN_SensorDataManagementSystem\\server\\controllers\\readingbundle-controller.js": {"path":"C:\\Users\\Alek\\source\\repos\\MERN_SensorDataManagementSystem\\server\\controllers\\readingbundle-controller.js","statementMap":{"0":{"start":{"line":1,"column":22},"end":{"line":1,"column":62}},"1":{"start":{"line":3,"column":0},"end":{"line":21,"column":1}},"2":{"start":{"line":4,"column":4},"end":{"line":20,"column":37}},"3":{"start":{"line":5,"column":8},"end":{"line":9,"column":9}},"4":{"start":{"line":6,"column":12},"end":{"line":8,"column":53}},"5":{"start":{"line":11,"column":8},"end":{"line":15,"column":9}},"6":{"start":{"line":12,"column":12},"end":{"line":14,"column":68}},"7":{"start":{"line":17,"column":8},"end":{"line":19,"column":51}},"8":{"start":{"line":20,"column":20},"end":{"line":20,"column":36}},"9":{"start":{"line":23,"column":0},"end":{"line":41,"column":1}},"10":{"start":{"line":24,"column":4},"end":{"line":40,"column":37}},"11":{"start":{"line":25,"column":8},"end":{"line":29,"column":9}},"12":{"start":{"line":26,"column":12},"end":{"line":28,"column":53}},"13":{"start":{"line":31,"column":8},"end":{"line":35,"column":9}},"14":{"start":{"line":32,"column":12},"end":{"line":34,"column":68}},"15":{"start":{"line":37,"column":8},"end":{"line":39,"column":50}},"16":{"start":{"line":40,"column":20},"end":{"line":40,"column":36}},"17":{"start":{"line":43,"column":0},"end":{"line":61,"column":1}},"18":{"start":{"line":44,"column":4},"end":{"line":60,"column":37}},"19":{"start":{"line":45,"column":8},"end":{"line":49,"column":9}},"20":{"start":{"line":46,"column":12},"end":{"line":48,"column":53}},"21":{"start":{"line":51,"column":8},"end":{"line":55,"column":9}},"22":{"start":{"line":52,"column":12},"end":{"line":54,"column":69}},"23":{"start":{"line":57,"column":8},"end":{"line":59,"column":51}},"24":{"start":{"line":60,"column":20},"end":{"line":60,"column":36}},"25":{"start":{"line":63,"column":0},"end":{"line":81,"column":1}},"26":{"start":{"line":64,"column":4},"end":{"line":80,"column":37}},"27":{"start":{"line":65,"column":8},"end":{"line":69,"column":9}},"28":{"start":{"line":66,"column":12},"end":{"line":68,"column":53}},"29":{"start":{"line":71,"column":8},"end":{"line":75,"column":9}},"30":{"start":{"line":72,"column":12},"end":{"line":74,"column":69}},"31":{"start":{"line":77,"column":8},"end":{"line":79,"column":51}},"32":{"start":{"line":80,"column":20},"end":{"line":80,"column":36}},"33":{"start":{"line":83,"column":0},"end":{"line":101,"column":1}},"34":{"start":{"line":84,"column":4},"end":{"line":100,"column":37}},"35":{"start":{"line":85,"column":8},"end":{"line":89,"column":9}},"36":{"start":{"line":86,"column":12},"end":{"line":88,"column":53}},"37":{"start":{"line":91,"column":8},"end":{"line":95,"column":9}},"38":{"start":{"line":92,"column":12},"end":{"line":94,"column":68}},"39":{"start":{"line":97,"column":8},"end":{"line":99,"column":49}},"40":{"start":{"line":100,"column":20},"end":{"line":100,"column":36}},"41":{"start":{"line":103,"column":0},"end":{"line":138,"column":1}},"42":{"start":{"line":104,"column":17},"end":{"line":104,"column":25}},"43":{"start":{"line":106,"column":4},"end":{"line":110,"column":5}},"44":{"start":{"line":107,"column":8},"end":{"line":109,"column":78}},"45":{"start":{"line":112,"column":19},"end":{"line":112,"column":42}},"46":{"start":{"line":114,"column":4},"end":{"line":118,"column":5}},"47":{"start":{"line":115,"column":8},"end":{"line":117,"column":49}},"48":{"start":{"line":120,"column":4},"end":{"line":137,"column":10}},"49":{"start":{"line":123,"column":12},"end":{"line":129,"column":18}},"50":{"start":{"line":131,"column":12},"end":{"line":136,"column":18}},"51":{"start":{"line":140,"column":0},"end":{"line":176,"column":1}},"52":{"start":{"line":141,"column":17},"end":{"line":141,"column":25}},"53":{"start":{"line":142,"column":4},"end":{"line":146,"column":5}},"54":{"start":{"line":143,"column":8},"end":{"line":145,"column":83}},"55":{"start":{"line":148,"column":4},"end":{"line":175,"column":6}},"56":{"start":{"line":149,"column":8},"end":{"line":153,"column":9}},"57":{"start":{"line":150,"column":12},"end":{"line":152,"column":68}},"58":{"start":{"line":155,"column":8},"end":{"line":155,"column":37}},"59":{"start":{"line":157,"column":8},"end":{"line":174,"column":14}},"60":{"start":{"line":160,"column":16},"end":{"line":166,"column":22}},"61":{"start":{"line":168,"column":16},"end":{"line":173,"column":22}},"62":{"start":{"line":178,"column":0},"end":{"line":196,"column":1}},"63":{"start":{"line":179,"column":4},"end":{"line":195,"column":37}},"64":{"start":{"line":180,"column":8},"end":{"line":184,"column":9}},"65":{"start":{"line":181,"column":12},"end":{"line":183,"column":53}},"66":{"start":{"line":186,"column":8},"end":{"line":190,"column":9}},"67":{"start":{"line":187,"column":12},"end":{"line":189,"column":68}},"68":{"start":{"line":192,"column":8},"end":{"line":194,"column":49}},"69":{"start":{"line":195,"column":20},"end":{"line":195,"column":36}},"70":{"start":{"line":198,"column":0},"end":{"line":207,"column":1}}},"fnMap":{"0":{"name":"(anonymous_0)","decl":{"start":{"line":3,"column":13},"end":{"line":3,"column":14}},"loc":{"start":{"line":3,"column":33},"end":{"line":21,"column":1}},"line":3},"1":{"name":"(anonymous_1)","decl":{"start":{"line":4,"column":33},"end":{"line":4,"column":34}},"loc":{"start":{"line":4,"column":51},"end":{"line":20,"column":5}},"line":4},"2":{"name":"(anonymous_2)","decl":{"start":{"line":20,"column":13},"end":{"line":20,"column":14}},"loc":{"start":{"line":20,"column":20},"end":{"line":20,"column":36}},"line":20},"3":{"name":"(anonymous_3)","decl":{"start":{"line":23,"column":18},"end":{"line":23,"column":19}},"loc":{"start":{"line":23,"column":38},"end":{"line":41,"column":1}},"line":23},"4":{"name":"(anonymous_4)","decl":{"start":{"line":24,"column":59},"end":{"line":24,"column":60}},"loc":{"start":{"line":24,"column":76},"end":{"line":40,"column":5}},"line":24},"5":{"name":"(anonymous_5)","decl":{"start":{"line":40,"column":13},"end":{"line":40,"column":14}},"loc":{"start":{"line":40,"column":20},"end":{"line":40,"column":36}},"line":40},"6":{"name":"(anonymous_6)","decl":{"start":{"line":43,"column":21},"end":{"line":43,"column":22}},"loc":{"start":{"line":43,"column":41},"end":{"line":61,"column":1}},"line":43},"7":{"name":"(anonymous_7)","decl":{"start":{"line":44,"column":60},"end":{"line":44,"column":61}},"loc":{"start":{"line":44,"column":78},"end":{"line":60,"column":5}},"line":44},"8":{"name":"(anonymous_8)","decl":{"start":{"line":60,"column":13},"end":{"line":60,"column":14}},"loc":{"start":{"line":60,"column":20},"end":{"line":60,"column":36}},"line":60},"9":{"name":"(anonymous_9)","decl":{"start":{"line":63,"column":22},"end":{"line":63,"column":23}},"loc":{"start":{"line":63,"column":42},"end":{"line":81,"column":1}},"line":63},"10":{"name":"(anonymous_10)","decl":{"start":{"line":64,"column":62},"end":{"line":64,"column":63}},"loc":{"start":{"line":64,"column":80},"end":{"line":80,"column":5}},"line":64},"11":{"name":"(anonymous_11)","decl":{"start":{"line":80,"column":13},"end":{"line":80,"column":14}},"loc":{"start":{"line":80,"column":20},"end":{"line":80,"column":36}},"line":80},"12":{"name":"(anonymous_12)","decl":{"start":{"line":83,"column":16},"end":{"line":83,"column":17}},"loc":{"start":{"line":83,"column":36},"end":{"line":101,"column":1}},"line":83},"13":{"name":"(anonymous_13)","decl":{"start":{"line":84,"column":57},"end":{"line":84,"column":58}},"loc":{"start":{"line":84,"column":74},"end":{"line":100,"column":5}},"line":84},"14":{"name":"(anonymous_14)","decl":{"start":{"line":100,"column":13},"end":{"line":100,"column":14}},"loc":{"start":{"line":100,"column":20},"end":{"line":100,"column":36}},"line":100},"15":{"name":"(anonymous_15)","decl":{"start":{"line":103,"column":15},"end":{"line":103,"column":16}},"loc":{"start":{"line":103,"column":35},"end":{"line":138,"column":1}},"line":103},"16":{"name":"(anonymous_16)","decl":{"start":{"line":122,"column":14},"end":{"line":122,"column":15}},"loc":{"start":{"line":122,"column":20},"end":{"line":130,"column":9}},"line":122},"17":{"name":"(anonymous_17)","decl":{"start":{"line":130,"column":17},"end":{"line":130,"column":18}},"loc":{"start":{"line":130,"column":26},"end":{"line":137,"column":9}},"line":130},"18":{"name":"(anonymous_18)","decl":{"start":{"line":140,"column":15},"end":{"line":140,"column":16}},"loc":{"start":{"line":140,"column":35},"end":{"line":176,"column":1}},"line":140},"19":{"name":"(anonymous_19)","decl":{"start":{"line":148,"column":51},"end":{"line":148,"column":52}},"loc":{"start":{"line":148,"column":68},"end":{"line":175,"column":5}},"line":148},"20":{"name":"(anonymous_20)","decl":{"start":{"line":159,"column":18},"end":{"line":159,"column":19}},"loc":{"start":{"line":159,"column":24},"end":{"line":167,"column":13}},"line":159},"21":{"name":"(anonymous_21)","decl":{"start":{"line":167,"column":21},"end":{"line":167,"column":22}},"loc":{"start":{"line":167,"column":30},"end":{"line":174,"column":13}},"line":167},"22":{"name":"(anonymous_22)","decl":{"start":{"line":178,"column":15},"end":{"line":178,"column":16}},"loc":{"start":{"line":178,"column":35},"end":{"line":196,"column":1}},"line":178},"23":{"name":"(anonymous_23)","decl":{"start":{"line":179,"column":66},"end":{"line":179,"column":67}},"loc":{"start":{"line":179,"column":83},"end":{"line":195,"column":5}},"line":179},"24":{"name":"(anonymous_24)","decl":{"start":{"line":195,"column":13},"end":{"line":195,"column":14}},"loc":{"start":{"line":195,"column":20},"end":{"line":195,"column":36}},"line":195}},"branchMap":{"0":{"loc":{"start":{"line":5,"column":8},"end":{"line":9,"column":9}},"type":"if","locations":[{"start":{"line":5,"column":8},"end":{"line":9,"column":9}},{"start":{},"end":{}}],"line":5},"1":{"loc":{"start":{"line":11,"column":8},"end":{"line":15,"column":9}},"type":"if","locations":[{"start":{"line":11,"column":8},"end":{"line":15,"column":9}},{"start":{},"end":{}}],"line":11},"2":{"loc":{"start":{"line":25,"column":8},"end":{"line":29,"column":9}},"type":"if","locations":[{"start":{"line":25,"column":8},"end":{"line":29,"column":9}},{"start":{},"end":{}}],"line":25},"3":{"loc":{"start":{"line":31,"column":8},"end":{"line":35,"column":9}},"type":"if","locations":[{"start":{"line":31,"column":8},"end":{"line":35,"column":9}},{"start":{},"end":{}}],"line":31},"4":{"loc":{"start":{"line":45,"column":8},"end":{"line":49,"column":9}},"type":"if","locations":[{"start":{"line":45,"column":8},"end":{"line":49,"column":9}},{"start":{},"end":{}}],"line":45},"5":{"loc":{"start":{"line":51,"column":8},"end":{"line":55,"column":9}},"type":"if","locations":[{"start":{"line":51,"column":8},"end":{"line":55,"column":9}},{"start":{},"end":{}}],"line":51},"6":{"loc":{"start":{"line":65,"column":8},"end":{"line":69,"column":9}},"type":"if","locations":[{"start":{"line":65,"column":8},"end":{"line":69,"column":9}},{"start":{},"end":{}}],"line":65},"7":{"loc":{"start":{"line":71,"column":8},"end":{"line":75,"column":9}},"type":"if","locations":[{"start":{"line":71,"column":8},"end":{"line":75,"column":9}},{"start":{},"end":{}}],"line":71},"8":{"loc":{"start":{"line":85,"column":8},"end":{"line":89,"column":9}},"type":"if","locations":[{"start":{"line":85,"column":8},"end":{"line":89,"column":9}},{"start":{},"end":{}}],"line":85},"9":{"loc":{"start":{"line":91,"column":8},"end":{"line":95,"column":9}},"type":"if","locations":[{"start":{"line":91,"column":8},"end":{"line":95,"column":9}},{"start":{},"end":{}}],"line":91},"10":{"loc":{"start":{"line":106,"column":4},"end":{"line":110,"column":5}},"type":"if","locations":[{"start":{"line":106,"column":4},"end":{"line":110,"column":5}},{"start":{},"end":{}}],"line":106},"11":{"loc":{"start":{"line":114,"column":4},"end":{"line":118,"column":5}},"type":"if","locations":[{"start":{"line":114,"column":4},"end":{"line":118,"column":5}},{"start":{},"end":{}}],"line":114},"12":{"loc":{"start":{"line":142,"column":4},"end":{"line":146,"column":5}},"type":"if","locations":[{"start":{"line":142,"column":4},"end":{"line":146,"column":5}},{"start":{},"end":{}}],"line":142},"13":{"loc":{"start":{"line":149,"column":8},"end":{"line":153,"column":9}},"type":"if","locations":[{"start":{"line":149,"column":8},"end":{"line":153,"column":9}},{"start":{},"end":{}}],"line":149},"14":{"loc":{"start":{"line":180,"column":8},"end":{"line":184,"column":9}},"type":"if","locations":[{"start":{"line":180,"column":8},"end":{"line":184,"column":9}},{"start":{},"end":{}}],"line":180},"15":{"loc":{"start":{"line":186,"column":8},"end":{"line":190,"column":9}},"type":"if","locations":[{"start":{"line":186,"column":8},"end":{"line":190,"column":9}},{"start":{},"end":{}}],"line":186}},"s":{"0":4,"1":4,"2":6,"3":6,"4":0,"5":6,"6":3,"7":3,"8":6,"9":4,"10":6,"11":6,"12":0,"13":6,"14":3,"15":3,"16":6,"17":4,"18":6,"19":6,"20":0,"21":6,"22":3,"23":3,"24":6,"25":4,"26":5,"27":5,"28":0,"29":5,"30":2,"31":3,"32":5,"33":4,"34":6,"35":6,"36":0,"37":6,"38":3,"39":3,"40":6,"41":4,"42":26,"43":26,"44":2,"45":24,"46":24,"47":0,"48":24,"49":23,"50":1,"51":4,"52":4,"53":4,"54":2,"55":2,"56":2,"57":0,"58":2,"59":2,"60":2,"61":0,"62":4,"63":3,"64":3,"65":0,"66":3,"67":0,"68":3,"69":3,"70":4},"f":{"0":6,"1":6,"2":6,"3":6,"4":6,"5":6,"6":6,"7":6,"8":6,"9":5,"10":5,"11":5,"12":6,"13":6,"14":6,"15":26,"16":23,"17":1,"18":4,"19":2,"20":2,"21":0,"22":3,"23":3,"24":3},"b":{"0":[0,6],"1":[3,3],"2":[0,6],"3":[3,3],"4":[0,6],"5":[3,3],"6":[0,5],"7":[2,3],"8":[0,6],"9":[3,3],"10":[2,24],"11":[0,24],"12":[2,2],"13":[0,2],"14":[0,3],"15":[0,3]},"_coverageSchema":"1a1c01bbd47fc00a2c39e90264f33305004495a9","hash":"87a4e282272960f018bc56fb22a0a7d9bd3048a4"}
,"C:\\Users\\Alek\\source\\repos\\MERN_SensorDataManagementSystem\\server\\controllers\\sensordata-controller.js": {"path":"C:\\Users\\Alek\\source\\repos\\MERN_SensorDataManagementSystem\\server\\controllers\\sensordata-controller.js","statementMap":{"0":{"start":{"line":1,"column":19},"end":{"line":1,"column":56}},"1":{"start":{"line":2,"column":14},"end":{"line":2,"column":30}},"2":{"start":{"line":3,"column":11},"end":{"line":3,"column":24}},"3":{"start":{"line":4,"column":18},"end":{"line":4,"column":38}},"4":{"start":{"line":5,"column":20},"end":{"line":5,"column":39}},"5":{"start":{"line":7,"column":0},"end":{"line":38,"column":1}},"6":{"start":{"line":8,"column":17},"end":{"line":8,"column":25}},"7":{"start":{"line":10,"column":4},"end":{"line":15,"column":5}},"8":{"start":{"line":11,"column":8},"end":{"line":14,"column":10}},"9":{"start":{"line":17,"column":23},"end":{"line":17,"column":43}},"10":{"start":{"line":19,"column":4},"end":{"line":21,"column":5}},"11":{"start":{"line":20,"column":8},"end":{"line":20,"column":67}},"12":{"start":{"line":23,"column":4},"end":{"line":37,"column":10}},"13":{"start":{"line":26,"column":12},"end":{"line":30,"column":14}},"14":{"start":{"line":33,"column":12},"end":{"line":36,"column":14}},"15":{"start":{"line":40,"column":0},"end":{"line":54,"column":1}},"16":{"start":{"line":41,"column":4},"end":{"line":53,"column":37}},"17":{"start":{"line":42,"column":8},"end":{"line":44,"column":9}},"18":{"start":{"line":43,"column":12},"end":{"line":43,"column":71}},"19":{"start":{"line":46,"column":8},"end":{"line":50,"column":9}},"20":{"start":{"line":47,"column":12},"end":{"line":49,"column":70}},"21":{"start":{"line":52,"column":8},"end":{"line":52,"column":70}},"22":{"start":{"line":53,"column":20},"end":{"line":53,"column":36}},"23":{"start":{"line":56,"column":0},"end":{"line":70,"column":1}},"24":{"start":{"line":57,"column":4},"end":{"line":69,"column":37}},"25":{"start":{"line":58,"column":8},"end":{"line":60,"column":9}},"26":{"start":{"line":59,"column":12},"end":{"line":59,"column":71}},"27":{"start":{"line":62,"column":8},"end":{"line":66,"column":9}},"28":{"start":{"line":63,"column":12},"end":{"line":65,"column":70}},"29":{"start":{"line":68,"column":8},"end":{"line":68,"column":70}},"30":{"start":{"line":69,"column":20},"end":{"line":69,"column":36}},"31":{"start":{"line":72,"column":0},"end":{"line":84,"column":1}},"32":{"start":{"line":73,"column":4},"end":{"line":83,"column":37}},"33":{"start":{"line":74,"column":8},"end":{"line":76,"column":9}},"34":{"start":{"line":75,"column":12},"end":{"line":75,"column":71}},"35":{"start":{"line":78,"column":8},"end":{"line":80,"column":9}},"36":{"start":{"line":79,"column":12},"end":{"line":79,"column":87}},"37":{"start":{"line":82,"column":8},"end":{"line":82,"column":70}},"38":{"start":{"line":83,"column":20},"end":{"line":83,"column":36}},"39":{"start":{"line":86,"column":0},"end":{"line":100,"column":1}},"40":{"start":{"line":87,"column":4},"end":{"line":99,"column":37}},"41":{"start":{"line":88,"column":8},"end":{"line":90,"column":9}},"42":{"start":{"line":89,"column":12},"end":{"line":89,"column":82}},"43":{"start":{"line":92,"column":8},"end":{"line":96,"column":9}},"44":{"start":{"line":93,"column":12},"end":{"line":95,"column":70}},"45":{"start":{"line":98,"column":8},"end":{"line":98,"column":73}},"46":{"start":{"line":99,"column":20},"end":{"line":99,"column":36}},"47":{"start":{"line":102,"column":0},"end":{"line":114,"column":1}},"48":{"start":{"line":103,"column":4},"end":{"line":113,"column":37}},"49":{"start":{"line":104,"column":8},"end":{"line":106,"column":9}},"50":{"start":{"line":105,"column":12},"end":{"line":105,"column":71}},"51":{"start":{"line":108,"column":8},"end":{"line":110,"column":9}},"52":{"start":{"line":109,"column":12},"end":{"line":109,"column":88}},"53":{"start":{"line":112,"column":8},"end":{"line":112,"column":72}},"54":{"start":{"line":113,"column":20},"end":{"line":113,"column":36}},"55":{"start":{"line":116,"column":0},"end":{"line":128,"column":1}},"56":{"start":{"line":117,"column":4},"end":{"line":127,"column":37}},"57":{"start":{"line":118,"column":8},"end":{"line":120,"column":9}},"58":{"start":{"line":119,"column":12},"end":{"line":119,"column":71}},"59":{"start":{"line":122,"column":8},"end":{"line":124,"column":9}},"60":{"start":{"line":123,"column":12},"end":{"line":123,"column":88}},"61":{"start":{"line":126,"column":8},"end":{"line":126,"column":72}},"62":{"start":{"line":127,"column":20},"end":{"line":127,"column":36}},"63":{"start":{"line":130,"column":0},"end":{"line":148,"column":1}},"64":{"start":{"line":131,"column":21},"end":{"line":131,"column":69}},"65":{"start":{"line":132,"column":21},"end":{"line":132,"column":62}},"66":{"start":{"line":133,"column":17},"end":{"line":133,"column":59}},"67":{"start":{"line":134,"column":20},"end":{"line":146,"column":5}},"68":{"start":{"line":135,"column":12},"end":{"line":145,"column":10}},"69":{"start":{"line":136,"column":12},"end":{"line":144,"column":13}},"70":{"start":{"line":137,"column":16},"end":{"line":137,"column":50}},"71":{"start":{"line":139,"column":16},"end":{"line":139,"column":35}},"72":{"start":{"line":140,"column":16},"end":{"line":143,"column":18}},"73":{"start":{"line":141,"column":20},"end":{"line":141,"column":32}},"74":{"start":{"line":142,"column":20},"end":{"line":142,"column":66}},"75":{"start":{"line":147,"column":4},"end":{"line":147,"column":21}},"76":{"start":{"line":150,"column":0},"end":{"line":169,"column":1}},"77":{"start":{"line":151,"column":21},"end":{"line":151,"column":40}},"78":{"start":{"line":152,"column":4},"end":{"line":152,"column":34}},"79":{"start":{"line":153,"column":21},"end":{"line":153,"column":23}},"80":{"start":{"line":154,"column":4},"end":{"line":168,"column":6}},"81":{"start":{"line":155,"column":8},"end":{"line":167,"column":14}},"82":{"start":{"line":157,"column":16},"end":{"line":157,"column":37}},"83":{"start":{"line":160,"column":16},"end":{"line":160,"column":34}},"84":{"start":{"line":163,"column":16},"end":{"line":166,"column":79}},"85":{"start":{"line":164,"column":20},"end":{"line":164,"column":84}},"86":{"start":{"line":166,"column":20},"end":{"line":166,"column":79}},"87":{"start":{"line":171,"column":0},"end":{"line":212,"column":1}},"88":{"start":{"line":172,"column":17},"end":{"line":172,"column":25}},"89":{"start":{"line":174,"column":4},"end":{"line":181,"column":5}},"90":{"start":{"line":175,"column":8},"end":{"line":180,"column":14}},"91":{"start":{"line":183,"column":4},"end":{"line":211,"column":6}},"92":{"start":{"line":184,"column":21},"end":{"line":184,"column":30}},"93":{"start":{"line":185,"column":23},"end":{"line":185,"column":32}},"94":{"start":{"line":186,"column":21},"end":{"line":186,"column":32}},"95":{"start":{"line":187,"column":25},"end":{"line":187,"column":28}},"96":{"start":{"line":188,"column":26},"end":{"line":188,"column":36}},"97":{"start":{"line":189,"column":29},"end":{"line":189,"column":30}},"98":{"start":{"line":190,"column":29},"end":{"line":190,"column":195}},"99":{"start":{"line":191,"column":29},"end":{"line":191,"column":150}},"100":{"start":{"line":192,"column":21},"end":{"line":192,"column":30}},"101":{"start":{"line":194,"column":27},"end":{"line":194,"column":118}},"102":{"start":{"line":195,"column":8},"end":{"line":195,"column":31}},"103":{"start":{"line":197,"column":27},"end":{"line":197,"column":53}},"104":{"start":{"line":199,"column":8},"end":{"line":201,"column":9}},"105":{"start":{"line":200,"column":16},"end":{"line":200,"column":34}},"106":{"start":{"line":203,"column":8},"end":{"line":210,"column":14}},"107":{"start":{"line":206,"column":16},"end":{"line":206,"column":37}},"108":{"start":{"line":209,"column":16},"end":{"line":209,"column":34}},"109":{"start":{"line":214,"column":0},"end":{"line":241,"column":1}},"110":{"start":{"line":215,"column":4},"end":{"line":240,"column":37}},"111":{"start":{"line":216,"column":8},"end":{"line":223,"column":9}},"112":{"start":{"line":217,"column":12},"end":{"line":222,"column":18}},"113":{"start":{"line":225,"column":8},"end":{"line":232,"column":9}},"114":{"start":{"line":226,"column":12},"end":{"line":231,"column":18}},"115":{"start":{"line":234,"column":8},"end":{"line":239,"column":14}},"116":{"start":{"line":240,"column":20},"end":{"line":240,"column":36}},"117":{"start":{"line":243,"column":0},"end":{"line":270,"column":1}},"118":{"start":{"line":244,"column":4},"end":{"line":269,"column":37}},"119":{"start":{"line":245,"column":8},"end":{"line":252,"column":9}},"120":{"start":{"line":246,"column":12},"end":{"line":251,"column":18}},"121":{"start":{"line":254,"column":8},"end":{"line":261,"column":9}},"122":{"start":{"line":255,"column":12},"end":{"line":260,"column":18}},"123":{"start":{"line":263,"column":8},"end":{"line":268,"column":14}},"124":{"start":{"line":269,"column":20},"end":{"line":269,"column":36}},"125":{"start":{"line":272,"column":0},"end":{"line":285,"column":1}}},"fnMap":{"0":{"name":"(anonymous_0)","decl":{"start":{"line":7,"column":16},"end":{"line":7,"column":17}},"loc":{"start":{"line":7,"column":36},"end":{"line":38,"column":1}},"line":7},"1":{"name":"(anonymous_1)","decl":{"start":{"line":25,"column":14},"end":{"line":25,"column":15}},"loc":{"start":{"line":25,"column":20},"end":{"line":31,"column":9}},"line":25},"2":{"name":"(anonymous_2)","decl":{"start":{"line":32,"column":15},"end":{"line":32,"column":16}},"loc":{"start":{"line":32,"column":24},"end":{"line":37,"column":9}},"line":32},"3":{"name":"(anonymous_3)","decl":{"start":{"line":40,"column":19},"end":{"line":40,"column":20}},"loc":{"start":{"line":40,"column":39},"end":{"line":54,"column":1}},"line":40},"4":{"name":"(anonymous_4)","decl":{"start":{"line":41,"column":53},"end":{"line":41,"column":54}},"loc":{"start":{"line":41,"column":72},"end":{"line":53,"column":5}},"line":41},"5":{"name":"(anonymous_5)","decl":{"start":{"line":53,"column":13},"end":{"line":53,"column":14}},"loc":{"start":{"line":53,"column":20},"end":{"line":53,"column":36}},"line":53},"6":{"name":"(anonymous_6)","decl":{"start":{"line":56,"column":21},"end":{"line":56,"column":22}},"loc":{"start":{"line":56,"column":41},"end":{"line":70,"column":1}},"line":56},"7":{"name":"(anonymous_7)","decl":{"start":{"line":57,"column":57},"end":{"line":57,"column":58}},"loc":{"start":{"line":57,"column":76},"end":{"line":69,"column":5}},"line":57},"8":{"name":"(anonymous_8)","decl":{"start":{"line":69,"column":13},"end":{"line":69,"column":14}},"loc":{"start":{"line":69,"column":20},"end":{"line":69,"column":36}},"line":69},"9":{"name":"(anonymous_9)","decl":{"start":{"line":72,"column":21},"end":{"line":72,"column":22}},"loc":{"start":{"line":72,"column":41},"end":{"line":84,"column":1}},"line":72},"10":{"name":"(anonymous_10)","decl":{"start":{"line":73,"column":61},"end":{"line":73,"column":62}},"loc":{"start":{"line":73,"column":80},"end":{"line":83,"column":5}},"line":73},"11":{"name":"(anonymous_11)","decl":{"start":{"line":83,"column":13},"end":{"line":83,"column":14}},"loc":{"start":{"line":83,"column":20},"end":{"line":83,"column":36}},"line":83},"12":{"name":"(anonymous_12)","decl":{"start":{"line":86,"column":17},"end":{"line":86,"column":18}},"loc":{"start":{"line":86,"column":37},"end":{"line":100,"column":1}},"line":86},"13":{"name":"(anonymous_13)","decl":{"start":{"line":87,"column":30},"end":{"line":87,"column":31}},"loc":{"start":{"line":87,"column":52},"end":{"line":99,"column":5}},"line":87},"14":{"name":"(anonymous_14)","decl":{"start":{"line":99,"column":13},"end":{"line":99,"column":14}},"loc":{"start":{"line":99,"column":20},"end":{"line":99,"column":36}},"line":99},"15":{"name":"(anonymous_15)","decl":{"start":{"line":102,"column":16},"end":{"line":102,"column":17}},"loc":{"start":{"line":102,"column":36},"end":{"line":114,"column":1}},"line":102},"16":{"name":"(anonymous_16)","decl":{"start":{"line":103,"column":59},"end":{"line":103,"column":60}},"loc":{"start":{"line":103,"column":80},"end":{"line":113,"column":5}},"line":103},"17":{"name":"(anonymous_17)","decl":{"start":{"line":113,"column":13},"end":{"line":113,"column":14}},"loc":{"start":{"line":113,"column":20},"end":{"line":113,"column":36}},"line":113},"18":{"name":"(anonymous_18)","decl":{"start":{"line":116,"column":26},"end":{"line":116,"column":27}},"loc":{"start":{"line":116,"column":46},"end":{"line":128,"column":1}},"line":116},"19":{"name":"(anonymous_19)","decl":{"start":{"line":117,"column":67},"end":{"line":117,"column":68}},"loc":{"start":{"line":117,"column":88},"end":{"line":127,"column":5}},"line":117},"20":{"name":"(anonymous_20)","decl":{"start":{"line":127,"column":13},"end":{"line":127,"column":14}},"loc":{"start":{"line":127,"column":20},"end":{"line":127,"column":36}},"line":127},"21":{"name":"(anonymous_21)","decl":{"start":{"line":130,"column":15},"end":{"line":130,"column":16}},"loc":{"start":{"line":130,"column":29},"end":{"line":148,"column":1}},"line":130},"22":{"name":"(anonymous_22)","decl":{"start":{"line":134,"column":20},"end":{"line":134,"column":21}},"loc":{"start":{"line":134,"column":29},"end":{"line":146,"column":5}},"line":134},"23":{"name":"(anonymous_23)","decl":{"start":{"line":135,"column":28},"end":{"line":135,"column":29}},"loc":{"start":{"line":135,"column":47},"end":{"line":145,"column":9}},"line":135},"24":{"name":"(anonymous_24)","decl":{"start":{"line":140,"column":34},"end":{"line":140,"column":35}},"loc":{"start":{"line":140,"column":40},"end":{"line":143,"column":17}},"line":140},"25":{"name":"(anonymous_25)","decl":{"start":{"line":150,"column":11},"end":{"line":150,"column":12}},"loc":{"start":{"line":150,"column":31},"end":{"line":169,"column":1}},"line":150},"26":{"name":"(anonymous_26)","decl":{"start":{"line":154,"column":45},"end":{"line":154,"column":46}},"loc":{"start":{"line":154,"column":60},"end":{"line":168,"column":5}},"line":154},"27":{"name":"(anonymous_27)","decl":{"start":{"line":156,"column":24},"end":{"line":156,"column":25}},"loc":{"start":{"line":156,"column":32},"end":{"line":158,"column":13}},"line":156},"28":{"name":"(anonymous_28)","decl":{"start":{"line":159,"column":25},"end":{"line":159,"column":26}},"loc":{"start":{"line":159,"column":31},"end":{"line":161,"column":13}},"line":159},"29":{"name":"(anonymous_29)","decl":{"start":{"line":162,"column":23},"end":{"line":162,"column":24}},"loc":{"start":{"line":162,"column":29},"end":{"line":167,"column":13}},"line":162},"30":{"name":"(anonymous_30)","decl":{"start":{"line":171,"column":17},"end":{"line":171,"column":18}},"loc":{"start":{"line":171,"column":37},"end":{"line":212,"column":1}},"line":171},"31":{"name":"(anonymous_31)","decl":{"start":{"line":183,"column":25},"end":{"line":183,"column":26}},"loc":{"start":{"line":183,"column":41},"end":{"line":211,"column":5}},"line":183},"32":{"name":"(anonymous_32)","decl":{"start":{"line":205,"column":18},"end":{"line":205,"column":19}},"loc":{"start":{"line":205,"column":24},"end":{"line":207,"column":13}},"line":205},"33":{"name":"(anonymous_33)","decl":{"start":{"line":208,"column":19},"end":{"line":208,"column":20}},"loc":{"start":{"line":208,"column":26},"end":{"line":210,"column":13}},"line":208},"34":{"name":"(anonymous_34)","decl":{"start":{"line":214,"column":20},"end":{"line":214,"column":21}},"loc":{"start":{"line":214,"column":40},"end":{"line":241,"column":1}},"line":214},"35":{"name":"(anonymous_35)","decl":{"start":{"line":215,"column":53},"end":{"line":215,"column":54}},"loc":{"start":{"line":215,"column":72},"end":{"line":240,"column":5}},"line":215},"36":{"name":"(anonymous_36)","decl":{"start":{"line":240,"column":13},"end":{"line":240,"column":14}},"loc":{"start":{"line":240,"column":20},"end":{"line":240,"column":36}},"line":240},"37":{"name":"(anonymous_37)","decl":{"start":{"line":243,"column":27},"end":{"line":243,"column":28}},"loc":{"start":{"line":243,"column":47},"end":{"line":270,"column":1}},"line":243},"38":{"name":"(anonymous_38)","decl":{"start":{"line":244,"column":76},"end":{"line":244,"column":77}},"loc":{"start":{"line":244,"column":95},"end":{"line":269,"column":5}},"line":244},"39":{"name":"(anonymous_39)","decl":{"start":{"line":269,"column":13},"end":{"line":269,"column":14}},"loc":{"start":{"line":269,"column":20},"end":{"line":269,"column":36}},"line":269}},"branchMap":{"0":{"loc":{"start":{"line":10,"column":4},"end":{"line":15,"column":5}},"type":"if","locations":[{"start":{"line":10,"column":4},"end":{"line":15,"column":5}},{"start":{},"end":{}}],"line":10},"1":{"loc":{"start":{"line":19,"column":4},"end":{"line":21,"column":5}},"type":"if","locations":[{"start":{"line":19,"column":4},"end":{"line":21,"column":5}},{"start":{},"end":{}}],"line":19},"2":{"loc":{"start":{"line":42,"column":8},"end":{"line":44,"column":9}},"type":"if","locations":[{"start":{"line":42,"column":8},"end":{"line":44,"column":9}},{"start":{},"end":{}}],"line":42},"3":{"loc":{"start":{"line":46,"column":8},"end":{"line":50,"column":9}},"type":"if","locations":[{"start":{"line":46,"column":8},"end":{"line":50,"column":9}},{"start":{},"end":{}}],"line":46},"4":{"loc":{"start":{"line":58,"column":8},"end":{"line":60,"column":9}},"type":"if","locations":[{"start":{"line":58,"column":8},"end":{"line":60,"column":9}},{"start":{},"end":{}}],"line":58},"5":{"loc":{"start":{"line":62,"column":8},"end":{"line":66,"column":9}},"type":"if","locations":[{"start":{"line":62,"column":8},"end":{"line":66,"column":9}},{"start":{},"end":{}}],"line":62},"6":{"loc":{"start":{"line":74,"column":8},"end":{"line":76,"column":9}},"type":"if","locations":[{"start":{"line":74,"column":8},"end":{"line":76,"column":9}},{"start":{},"end":{}}],"line":74},"7":{"loc":{"start":{"line":78,"column":8},"end":{"line":80,"column":9}},"type":"if","locations":[{"start":{"line":78,"column":8},"end":{"line":80,"column":9}},{"start":{},"end":{}}],"line":78},"8":{"loc":{"start":{"line":88,"column":8},"end":{"line":90,"column":9}},"type":"if","locations":[{"start":{"line":88,"column":8},"end":{"line":90,"column":9}},{"start":{},"end":{}}],"line":88},"9":{"loc":{"start":{"line":92,"column":8},"end":{"line":96,"column":9}},"type":"if","locations":[{"start":{"line":92,"column":8},"end":{"line":96,"column":9}},{"start":{},"end":{}}],"line":92},"10":{"loc":{"start":{"line":104,"column":8},"end":{"line":106,"column":9}},"type":"if","locations":[{"start":{"line":104,"column":8},"end":{"line":106,"column":9}},{"start":{},"end":{}}],"line":104},"11":{"loc":{"start":{"line":108,"column":8},"end":{"line":110,"column":9}},"type":"if","locations":[{"start":{"line":108,"column":8},"end":{"line":110,"column":9}},{"start":{},"end":{}}],"line":108},"12":{"loc":{"start":{"line":118,"column":8},"end":{"line":120,"column":9}},"type":"if","locations":[{"start":{"line":118,"column":8},"end":{"line":120,"column":9}},{"start":{},"end":{}}],"line":118},"13":{"loc":{"start":{"line":122,"column":8},"end":{"line":124,"column":9}},"type":"if","locations":[{"start":{"line":122,"column":8},"end":{"line":124,"column":9}},{"start":{},"end":{}}],"line":122},"14":{"loc":{"start":{"line":136,"column":12},"end":{"line":144,"column":13}},"type":"if","locations":[{"start":{"line":136,"column":12},"end":{"line":144,"column":13}},{"start":{"line":138,"column":17},"end":{"line":144,"column":13}}],"line":136},"15":{"loc":{"start":{"line":163,"column":16},"end":{"line":166,"column":79}},"type":"if","locations":[{"start":{"line":163,"column":16},"end":{"line":166,"column":79}},{"start":{"line":166,"column":20},"end":{"line":166,"column":79}}],"line":163},"16":{"loc":{"start":{"line":174,"column":4},"end":{"line":181,"column":5}},"type":"if","locations":[{"start":{"line":174,"column":4},"end":{"line":181,"column":5}},{"start":{},"end":{}}],"line":174},"17":{"loc":{"start":{"line":190,"column":57},"end":{"line":190,"column":122}},"type":"cond-expr","locations":[{"start":{"line":190,"column":95},"end":{"line":190,"column":97}},{"start":{"line":190,"column":100},"end":{"line":190,"column":122}}],"line":190},"18":{"loc":{"start":{"line":190,"column":129},"end":{"line":190,"column":194}},"type":"cond-expr","locations":[{"start":{"line":190,"column":167},"end":{"line":190,"column":169}},{"start":{"line":190,"column":172},"end":{"line":190,"column":194}}],"line":190},"19":{"loc":{"start":{"line":191,"column":48},"end":{"line":191,"column":95}},"type":"cond-expr","locations":[{"start":{"line":191,"column":77},"end":{"line":191,"column":79}},{"start":{"line":191,"column":82},"end":{"line":191,"column":95}}],"line":191},"20":{"loc":{"start":{"line":191,"column":102},"end":{"line":191,"column":149}},"type":"cond-expr","locations":[{"start":{"line":191,"column":131},"end":{"line":191,"column":133}},{"start":{"line":191,"column":136},"end":{"line":191,"column":149}}],"line":191},"21":{"loc":{"start":{"line":199,"column":8},"end":{"line":201,"column":9}},"type":"if","locations":[{"start":{"line":199,"column":8},"end":{"line":201,"column":9}},{"start":{},"end":{}}],"line":199},"22":{"loc":{"start":{"line":216,"column":8},"end":{"line":223,"column":9}},"type":"if","locations":[{"start":{"line":216,"column":8},"end":{"line":223,"column":9}},{"start":{},"end":{}}],"line":216},"23":{"loc":{"start":{"line":225,"column":8},"end":{"line":232,"column":9}},"type":"if","locations":[{"start":{"line":225,"column":8},"end":{"line":232,"column":9}},{"start":{},"end":{}}],"line":225},"24":{"loc":{"start":{"line":245,"column":8},"end":{"line":252,"column":9}},"type":"if","locations":[{"start":{"line":245,"column":8},"end":{"line":252,"column":9}},{"start":{},"end":{}}],"line":245},"25":{"loc":{"start":{"line":254,"column":8},"end":{"line":261,"column":9}},"type":"if","locations":[{"start":{"line":254,"column":8},"end":{"line":261,"column":9}},{"start":{},"end":{}}],"line":254}},"s":{"0":4,"1":4,"2":4,"3":4,"4":4,"5":4,"6":28,"7":28,"8":2,"9":26,"10":26,"11":0,"12":26,"13":25,"14":1,"15":4,"16":8,"17":8,"18":0,"19":8,"20":5,"21":3,"22":8,"23":4,"24":6,"25":6,"26":0,"27":6,"28":3,"29":3,"30":6,"31":4,"32":6,"33":6,"34":0,"35":6,"36":3,"37":3,"38":6,"39":4,"40":6,"41":6,"42":0,"43":6,"44":3,"45":3,"46":6,"47":4,"48":3,"49":3,"50":0,"51":3,"52":0,"53":3,"54":3,"55":4,"56":1,"57":1,"58":0,"59":1,"60":0,"61":1,"62":1,"63":4,"64":0,"65":0,"66":0,"67":0,"68":0,"69":0,"70":0,"71":0,"72":0,"73":0,"74":0,"75":0,"76":4,"77":0,"78":0,"79":0,"80":0,"81":0,"82":0,"83":0,"84":0,"85":0,"86":0,"87":4,"88":4,"89":4,"90":2,"91":2,"92":1,"93":1,"94":1,"95":1,"96":1,"97":1,"98":1,"99":1,"100":1,"101":1,"102":1,"103":1,"104":1,"105":0,"106":1,"107":1,"108":1,"109":4,"110":5,"111":5,"112":0,"113":5,"114":2,"115":3,"116":5,"117":4,"118":6,"119":6,"120":0,"121":6,"122":3,"123":3,"124":6,"125":4},"f":{"0":28,"1":25,"2":1,"3":8,"4":8,"5":8,"6":6,"7":6,"8":6,"9":6,"10":6,"11":6,"12":6,"13":6,"14":6,"15":3,"16":3,"17":3,"18":1,"19":1,"20":1,"21":0,"22":0,"23":0,"24":0,"25":0,"26":0,"27":0,"28":0,"29":0,"30":4,"31":1,"32":1,"33":1,"34":5,"35":5,"36":5,"37":6,"38":6,"39":6},"b":{"0":[2,26],"1":[0,26],"2":[0,8],"3":[5,3],"4":[0,6],"5":[3,3],"6":[0,6],"7":[3,3],"8":[0,6],"9":[3,3],"10":[0,3],"11":[0,3],"12":[0,1],"13":[0,1],"14":[0,0],"15":[0,0],"16":[2,2],"17":[1,0],"18":[1,0],"19":[1,0],"20":[1,0],"21":[0,1],"22":[0,5],"23":[2,3],"24":[0,6],"25":[3,3]},"_coverageSchema":"1a1c01bbd47fc00a2c39e90264f33305004495a9","hash":"f94ac7abc5dacc7b5864cab43f17cfa3aefcab76"}
,"C:\\Users\\Alek\\source\\repos\\MERN_SensorDataManagementSystem\\server\\controllers\\user-controller.js": {"path":"C:\\Users\\Alek\\source\\repos\\MERN_SensorDataManagementSystem\\server\\controllers\\user-controller.js","statementMap":{"0":{"start":{"line":1,"column":13},"end":{"line":1,"column":44}},"1":{"start":{"line":2,"column":15},"end":{"line":2,"column":32}},"2":{"start":{"line":4,"column":0},"end":{"line":38,"column":1}},"3":{"start":{"line":5,"column":17},"end":{"line":5,"column":25}},"4":{"start":{"line":7,"column":4},"end":{"line":12,"column":5}},"5":{"start":{"line":8,"column":8},"end":{"line":11,"column":10}},"6":{"start":{"line":14,"column":17},"end":{"line":14,"column":39}},"7":{"start":{"line":15,"column":4},"end":{"line":15,"column":58}},"8":{"start":{"line":17,"column":17},"end":{"line":17,"column":31}},"9":{"start":{"line":19,"column":4},"end":{"line":21,"column":5}},"10":{"start":{"line":20,"column":8},"end":{"line":20,"column":67}},"11":{"start":{"line":23,"column":4},"end":{"line":37,"column":10}},"12":{"start":{"line":26,"column":12},"end":{"line":30,"column":14}},"13":{"start":{"line":33,"column":12},"end":{"line":36,"column":14}},"14":{"start":{"line":40,"column":0},"end":{"line":54,"column":1}},"15":{"start":{"line":41,"column":4},"end":{"line":53,"column":37}},"16":{"start":{"line":42,"column":8},"end":{"line":44,"column":9}},"17":{"start":{"line":43,"column":12},"end":{"line":43,"column":71}},"18":{"start":{"line":46,"column":8},"end":{"line":50,"column":9}},"19":{"start":{"line":47,"column":12},"end":{"line":49,"column":67}},"20":{"start":{"line":52,"column":8},"end":{"line":52,"column":66}},"21":{"start":{"line":53,"column":20},"end":{"line":53,"column":36}},"22":{"start":{"line":56,"column":0},"end":{"line":70,"column":1}},"23":{"start":{"line":57,"column":4},"end":{"line":69,"column":37}},"24":{"start":{"line":58,"column":8},"end":{"line":60,"column":9}},"25":{"start":{"line":59,"column":12},"end":{"line":59,"column":71}},"26":{"start":{"line":62,"column":8},"end":{"line":66,"column":9}},"27":{"start":{"line":63,"column":12},"end":{"line":65,"column":68}},"28":{"start":{"line":68,"column":8},"end":{"line":68,"column":67}},"29":{"start":{"line":69,"column":20},"end":{"line":69,"column":36}},"30":{"start":{"line":72,"column":0},"end":{"line":109,"column":1}},"31":{"start":{"line":73,"column":17},"end":{"line":73,"column":25}},"32":{"start":{"line":75,"column":4},"end":{"line":80,"column":5}},"33":{"start":{"line":76,"column":8},"end":{"line":79,"column":10}},"34":{"start":{"line":82,"column":4},"end":{"line":108,"column":6}},"35":{"start":{"line":83,"column":8},"end":{"line":88,"column":9}},"36":{"start":{"line":84,"column":12},"end":{"line":87,"column":14}},"37":{"start":{"line":90,"column":8},"end":{"line":90,"column":29}},"38":{"start":{"line":91,"column":8},"end":{"line":91,"column":31}},"39":{"start":{"line":92,"column":8},"end":{"line":92,"column":37}},"40":{"start":{"line":94,"column":8},"end":{"line":107,"column":14}},"41":{"start":{"line":97,"column":16},"end":{"line":101,"column":18}},"42":{"start":{"line":103,"column":16},"end":{"line":106,"column":18}},"43":{"start":{"line":111,"column":0},"end":{"line":140,"column":1}},"44":{"start":{"line":112,"column":4},"end":{"line":139,"column":5}},"45":{"start":{"line":113,"column":21},"end":{"line":113,"column":73}},"46":{"start":{"line":115,"column":8},"end":{"line":120,"column":9}},"47":{"start":{"line":116,"column":12},"end":{"line":119,"column":14}},"48":{"start":{"line":122,"column":8},"end":{"line":122,"column":34}},"49":{"start":{"line":123,"column":8},"end":{"line":128,"column":9}},"50":{"start":{"line":124,"column":12},"end":{"line":127,"column":14}},"51":{"start":{"line":130,"column":8},"end":{"line":133,"column":10}},"52":{"start":{"line":135,"column":8},"end":{"line":138,"column":10}},"53":{"start":{"line":142,"column":0},"end":{"line":154,"column":1}},"54":{"start":{"line":143,"column":4},"end":{"line":153,"column":37}},"55":{"start":{"line":144,"column":8},"end":{"line":146,"column":9}},"56":{"start":{"line":145,"column":12},"end":{"line":145,"column":71}},"57":{"start":{"line":148,"column":8},"end":{"line":150,"column":9}},"58":{"start":{"line":149,"column":12},"end":{"line":149,"column":83}},"59":{"start":{"line":152,"column":8},"end":{"line":152,"column":66}},"60":{"start":{"line":153,"column":20},"end":{"line":153,"column":36}},"61":{"start":{"line":156,"column":0},"end":{"line":163,"column":1}}},"fnMap":{"0":{"name":"(anonymous_0)","decl":{"start":{"line":4,"column":13},"end":{"line":4,"column":14}},"loc":{"start":{"line":4,"column":33},"end":{"line":38,"column":1}},"line":4},"1":{"name":"(anonymous_1)","decl":{"start":{"line":25,"column":14},"end":{"line":25,"column":15}},"loc":{"start":{"line":25,"column":20},"end":{"line":31,"column":9}},"line":25},"2":{"name":"(anonymous_2)","decl":{"start":{"line":32,"column":15},"end":{"line":32,"column":16}},"loc":{"start":{"line":32,"column":24},"end":{"line":37,"column":9}},"line":32},"3":{"name":"(anonymous_3)","decl":{"start":{"line":40,"column":17},"end":{"line":40,"column":18}},"loc":{"start":{"line":40,"column":37},"end":{"line":54,"column":1}},"line":40},"4":{"name":"(anonymous_4)","decl":{"start":{"line":41,"column":51},"end":{"line":41,"column":52}},"loc":{"start":{"line":41,"column":66},"end":{"line":53,"column":5}},"line":41},"5":{"name":"(anonymous_5)","decl":{"start":{"line":53,"column":13},"end":{"line":53,"column":14}},"loc":{"start":{"line":53,"column":20},"end":{"line":53,"column":36}},"line":53},"6":{"name":"(anonymous_6)","decl":{"start":{"line":56,"column":11},"end":{"line":56,"column":12}},"loc":{"start":{"line":56,"column":31},"end":{"line":70,"column":1}},"line":56},"7":{"name":"(anonymous_7)","decl":{"start":{"line":57,"column":24},"end":{"line":57,"column":25}},"loc":{"start":{"line":57,"column":40},"end":{"line":69,"column":5}},"line":57},"8":{"name":"(anonymous_8)","decl":{"start":{"line":69,"column":13},"end":{"line":69,"column":14}},"loc":{"start":{"line":69,"column":20},"end":{"line":69,"column":36}},"line":69},"9":{"name":"(anonymous_9)","decl":{"start":{"line":72,"column":13},"end":{"line":72,"column":14}},"loc":{"start":{"line":72,"column":33},"end":{"line":109,"column":1}},"line":72},"10":{"name":"(anonymous_10)","decl":{"start":{"line":82,"column":46},"end":{"line":82,"column":47}},"loc":{"start":{"line":82,"column":61},"end":{"line":108,"column":5}},"line":82},"11":{"name":"(anonymous_11)","decl":{"start":{"line":96,"column":18},"end":{"line":96,"column":19}},"loc":{"start":{"line":96,"column":24},"end":{"line":102,"column":13}},"line":96},"12":{"name":"(anonymous_12)","decl":{"start":{"line":102,"column":21},"end":{"line":102,"column":22}},"loc":{"start":{"line":102,"column":30},"end":{"line":107,"column":13}},"line":102},"13":{"name":"(anonymous_13)","decl":{"start":{"line":111,"column":18},"end":{"line":111,"column":19}},"loc":{"start":{"line":111,"column":38},"end":{"line":140,"column":1}},"line":111},"14":{"name":"(anonymous_14)","decl":{"start":{"line":142,"column":13},"end":{"line":142,"column":14}},"loc":{"start":{"line":142,"column":33},"end":{"line":154,"column":1}},"line":142},"15":{"name":"(anonymous_15)","decl":{"start":{"line":143,"column":57},"end":{"line":143,"column":58}},"loc":{"start":{"line":143,"column":72},"end":{"line":153,"column":5}},"line":143},"16":{"name":"(anonymous_16)","decl":{"start":{"line":153,"column":13},"end":{"line":153,"column":14}},"loc":{"start":{"line":153,"column":20},"end":{"line":153,"column":36}},"line":153}},"branchMap":{"0":{"loc":{"start":{"line":7,"column":4},"end":{"line":12,"column":5}},"type":"if","locations":[{"start":{"line":7,"column":4},"end":{"line":12,"column":5}},{"start":{},"end":{}}],"line":7},"1":{"loc":{"start":{"line":19,"column":4},"end":{"line":21,"column":5}},"type":"if","locations":[{"start":{"line":19,"column":4},"end":{"line":21,"column":5}},{"start":{},"end":{}}],"line":19},"2":{"loc":{"start":{"line":42,"column":8},"end":{"line":44,"column":9}},"type":"if","locations":[{"start":{"line":42,"column":8},"end":{"line":44,"column":9}},{"start":{},"end":{}}],"line":42},"3":{"loc":{"start":{"line":46,"column":8},"end":{"line":50,"column":9}},"type":"if","locations":[{"start":{"line":46,"column":8},"end":{"line":50,"column":9}},{"start":{},"end":{}}],"line":46},"4":{"loc":{"start":{"line":58,"column":8},"end":{"line":60,"column":9}},"type":"if","locations":[{"start":{"line":58,"column":8},"end":{"line":60,"column":9}},{"start":{},"end":{}}],"line":58},"5":{"loc":{"start":{"line":62,"column":8},"end":{"line":66,"column":9}},"type":"if","locations":[{"start":{"line":62,"column":8},"end":{"line":66,"column":9}},{"start":{},"end":{}}],"line":62},"6":{"loc":{"start":{"line":75,"column":4},"end":{"line":80,"column":5}},"type":"if","locations":[{"start":{"line":75,"column":4},"end":{"line":80,"column":5}},{"start":{},"end":{}}],"line":75},"7":{"loc":{"start":{"line":83,"column":8},"end":{"line":88,"column":9}},"type":"if","locations":[{"start":{"line":83,"column":8},"end":{"line":88,"column":9}},{"start":{},"end":{}}],"line":83},"8":{"loc":{"start":{"line":115,"column":8},"end":{"line":120,"column":9}},"type":"if","locations":[{"start":{"line":115,"column":8},"end":{"line":120,"column":9}},{"start":{},"end":{}}],"line":115},"9":{"loc":{"start":{"line":123,"column":8},"end":{"line":128,"column":9}},"type":"if","locations":[{"start":{"line":123,"column":8},"end":{"line":128,"column":9}},{"start":{},"end":{}}],"line":123},"10":{"loc":{"start":{"line":144,"column":8},"end":{"line":146,"column":9}},"type":"if","locations":[{"start":{"line":144,"column":8},"end":{"line":146,"column":9}},{"start":{},"end":{}}],"line":144},"11":{"loc":{"start":{"line":148,"column":8},"end":{"line":150,"column":9}},"type":"if","locations":[{"start":{"line":148,"column":8},"end":{"line":150,"column":9}},{"start":{},"end":{}}],"line":148}},"s":{"0":4,"1":4,"2":4,"3":16,"4":16,"5":2,"6":14,"7":14,"8":13,"9":13,"10":0,"11":13,"12":13,"13":0,"14":4,"15":8,"16":8,"17":0,"18":8,"19":3,"20":5,"21":8,"22":4,"23":6,"24":6,"25":0,"26":6,"27":3,"28":3,"29":6,"30":4,"31":4,"32":4,"33":2,"34":2,"35":2,"36":0,"37":2,"38":2,"39":2,"40":2,"41":2,"42":0,"43":4,"44":0,"45":0,"46":0,"47":0,"48":0,"49":0,"50":0,"51":0,"52":0,"53":4,"54":5,"55":5,"56":1,"57":4,"58":3,"59":1,"60":5,"61":4},"f":{"0":16,"1":13,"2":0,"3":8,"4":8,"5":8,"6":6,"7":6,"8":6,"9":4,"10":2,"11":2,"12":0,"13":0,"14":5,"15":5,"16":5},"b":{"0":[2,14],"1":[0,13],"2":[0,8],"3":[3,5],"4":[0,6],"5":[3,3],"6":[2,2],"7":[0,2],"8":[0,0],"9":[0,0],"10":[1,4],"11":[3,1]},"_coverageSchema":"1a1c01bbd47fc00a2c39e90264f33305004495a9","hash":"ac06df550cbe983f44c0722cbafdcb476b582d6f"}
,"C:\\Users\\Alek\\source\\repos\\MERN_SensorDataManagementSystem\\server\\db\\index.js": {"path":"C:\\Users\\Alek\\source\\repos\\MERN_SensorDataManagementSystem\\server\\db\\index.js","statementMap":{"0":{"start":{"line":1,"column":17},"end":{"line":1,"column":36}},"1":{"start":{"line":3,"column":0},"end":{"line":7,"column":6}},"2":{"start":{"line":6,"column":8},"end":{"line":6,"column":52}},"3":{"start":{"line":10,"column":11},"end":{"line":10,"column":30}},"4":{"start":{"line":12,"column":0},"end":{"line":12,"column":20}}},"fnMap":{"0":{"name":"(anonymous_0)","decl":{"start":{"line":5,"column":11},"end":{"line":5,"column":12}},"loc":{"start":{"line":5,"column":16},"end":{"line":7,"column":5}},"line":5}},"branchMap":{},"s":{"0":4,"1":4,"2":0,"3":4,"4":4},"f":{"0":0},"b":{},"_coverageSchema":"1a1c01bbd47fc00a2c39e90264f33305004495a9","hash":"c6435c5e2ed11eceb587752f5f689a5af56b3706"}
,"C:\\Users\\Alek\\source\\repos\\MERN_SensorDataManagementSystem\\server\\db\\seeder.js": {"path":"C:\\Users\\Alek\\source\\repos\\MERN_SensorDataManagementSystem\\server\\db\\seeder.js","statementMap":{"0":{"start":{"line":1,"column":13},"end":{"line":1,"column":44}},"1":{"start":{"line":3,"column":17},"end":{"line":7,"column":2}},"2":{"start":{"line":9,"column":15},"end":{"line":17,"column":1}},"3":{"start":{"line":10,"column":4},"end":{"line":16,"column":6}},"4":{"start":{"line":11,"column":8},"end":{"line":12,"column":47}},"5":{"start":{"line":12,"column":12},"end":{"line":12,"column":47}},"6":{"start":{"line":13,"column":8},"end":{"line":15,"column":9}},"7":{"start":{"line":14,"column":12},"end":{"line":14,"column":27}},"8":{"start":{"line":19,"column":0},"end":{"line":19,"column":23}}},"fnMap":{"0":{"name":"(anonymous_0)","decl":{"start":{"line":9,"column":15},"end":{"line":9,"column":16}},"loc":{"start":{"line":9,"column":27},"end":{"line":17,"column":1}},"line":9},"1":{"name":"(anonymous_1)","decl":{"start":{"line":10,"column":32},"end":{"line":10,"column":33}},"loc":{"start":{"line":10,"column":50},"end":{"line":16,"column":5}},"line":10}},"branchMap":{"0":{"loc":{"start":{"line":11,"column":8},"end":{"line":12,"column":47}},"type":"if","locations":[{"start":{"line":11,"column":8},"end":{"line":12,"column":47}},{"start":{},"end":{}}],"line":11},"1":{"loc":{"start":{"line":13,"column":8},"end":{"line":15,"column":9}},"type":"if","locations":[{"start":{"line":13,"column":8},"end":{"line":15,"column":9}},{"start":{},"end":{}}],"line":13}},"s":{"0":4,"1":4,"2":4,"3":4,"4":4,"5":4,"6":4,"7":0,"8":4},"f":{"0":4,"1":4},"b":{"0":[4,0],"1":[0,0]},"_coverageSchema":"1a1c01bbd47fc00a2c39e90264f33305004495a9","hash":"c0dd26ff1fb100f2a0f84551ee78bcc37d4433bf"}
,"C:\\Users\\Alek\\source\\repos\\MERN_SensorDataManagementSystem\\server\\models\\bundlegroup-model.js": {"path":"C:\\Users\\Alek\\source\\repos\\MERN_SensorDataManagementSystem\\server\\models\\bundlegroup-model.js","statementMap":{"0":{"start":{"line":1,"column":17},"end":{"line":1,"column":36}},"1":{"start":{"line":2,"column":15},"end":{"line":2,"column":30}},"2":{"start":{"line":4,"column":20},"end":{"line":10,"column":1}},"3":{"start":{"line":12,"column":0},"end":{"line":12,"column":59}}},"fnMap":{},"branchMap":{},"s":{"0":4,"1":4,"2":4,"3":4},"f":{},"b":{},"_coverageSchema":"1a1c01bbd47fc00a2c39e90264f33305004495a9","hash":"9bafbb63670cbe680bfb70b15e0e57158ede8fbb"}
,"C:\\Users\\Alek\\source\\repos\\MERN_SensorDataManagementSystem\\server\\models\\readingbundle-model.js": {"path":"C:\\Users\\Alek\\source\\repos\\MERN_SensorDataManagementSystem\\server\\models\\readingbundle-model.js","statementMap":{"0":{"start":{"line":1,"column":17},"end":{"line":1,"column":36}},"1":{"start":{"line":2,"column":15},"end":{"line":2,"column":30}},"2":{"start":{"line":4,"column":22},"end":{"line":11,"column":1}},"3":{"start":{"line":13,"column":0},"end":{"line":13,"column":63}}},"fnMap":{},"branchMap":{},"s":{"0":4,"1":4,"2":4,"3":4},"f":{},"b":{},"_coverageSchema":"1a1c01bbd47fc00a2c39e90264f33305004495a9","hash":"9af43494d4ba9dddc782665eed22d42ead253a66"}
,"C:\\Users\\Alek\\source\\repos\\MERN_SensorDataManagementSystem\\server\\models\\sensordata-model.js": {"path":"C:\\Users\\Alek\\source\\repos\\MERN_SensorDataManagementSystem\\server\\models\\sensordata-model.js","statementMap":{"0":{"start":{"line":1,"column":17},"end":{"line":1,"column":36}},"1":{"start":{"line":2,"column":15},"end":{"line":2,"column":30}},"2":{"start":{"line":4,"column":19},"end":{"line":17,"column":1}},"3":{"start":{"line":19,"column":0},"end":{"line":19,"column":57}}},"fnMap":{},"branchMap":{},"s":{"0":4,"1":4,"2":4,"3":4},"f":{},"b":{},"_coverageSchema":"1a1c01bbd47fc00a2c39e90264f33305004495a9","hash":"0d24f0774a07ea77362b9efdf5c0e6953111838e"}
,"C:\\Users\\Alek\\source\\repos\\MERN_SensorDataManagementSystem\\server\\models\\user-model.js": {"path":"C:\\Users\\Alek\\source\\repos\\MERN_SensorDataManagementSystem\\server\\models\\user-model.js","statementMap":{"0":{"start":{"line":1,"column":17},"end":{"line":1,"column":36}},"1":{"start":{"line":2,"column":15},"end":{"line":2,"column":30}},"2":{"start":{"line":4,"column":13},"end":{"line":11,"column":1}},"3":{"start":{"line":13,"column":0},"end":{"line":13,"column":45}}},"fnMap":{},"branchMap":{},"s":{"0":4,"1":4,"2":4,"3":4},"f":{},"b":{},"_coverageSchema":"1a1c01bbd47fc00a2c39e90264f33305004495a9","hash":"befcabf79c836a877aa170f1571853fb9879e902"}
,"C:\\Users\\Alek\\source\\repos\\MERN_SensorDataManagementSystem\\server\\routes\\sensordata-router.js": {"path":"C:\\Users\\Alek\\source\\repos\\MERN_SensorDataManagementSystem\\server\\routes\\sensordata-router.js","statementMap":{"0":{"start":{"line":1,"column":16},"end":{"line":1,"column":34}},"1":{"start":{"line":3,"column":29},"end":{"line":3,"column":76}},"2":{"start":{"line":4,"column":23},"end":{"line":4,"column":64}},"3":{"start":{"line":5,"column":32},"end":{"line":5,"column":82}},"4":{"start":{"line":6,"column":30},"end":{"line":6,"column":78}},"5":{"start":{"line":8,"column":15},"end":{"line":8,"column":31}},"6":{"start":{"line":11,"column":0},"end":{"line":11,"column":59}},"7":{"start":{"line":12,"column":0},"end":{"line":12,"column":60}},"8":{"start":{"line":13,"column":0},"end":{"line":13,"column":67}},"9":{"start":{"line":14,"column":0},"end":{"line":14,"column":76}},"10":{"start":{"line":15,"column":0},"end":{"line":15,"column":80}},"11":{"start":{"line":16,"column":0},"end":{"line":16,"column":67}},"12":{"start":{"line":17,"column":0},"end":{"line":17,"column":88}},"13":{"start":{"line":18,"column":0},"end":{"line":18,"column":55}},"14":{"start":{"line":19,"column":0},"end":{"line":19,"column":60}},"15":{"start":{"line":22,"column":0},"end":{"line":22,"column":59}},"16":{"start":{"line":23,"column":0},"end":{"line":23,"column":65}},"17":{"start":{"line":24,"column":0},"end":{"line":24,"column":78}},"18":{"start":{"line":27,"column":0},"end":{"line":27,"column":47}},"19":{"start":{"line":28,"column":0},"end":{"line":28,"column":57}},"20":{"start":{"line":29,"column":0},"end":{"line":29,"column":45}},"21":{"start":{"line":30,"column":0},"end":{"line":30,"column":54}},"22":{"start":{"line":31,"column":0},"end":{"line":31,"column":53}},"23":{"start":{"line":32,"column":0},"end":{"line":32,"column":65}},"24":{"start":{"line":35,"column":0},"end":{"line":35,"column":58}},"25":{"start":{"line":36,"column":0},"end":{"line":36,"column":68}},"26":{"start":{"line":37,"column":0},"end":{"line":37,"column":74}},"27":{"start":{"line":38,"column":0},"end":{"line":38,"column":82}},"28":{"start":{"line":39,"column":0},"end":{"line":39,"column":68}},"29":{"start":{"line":40,"column":0},"end":{"line":40,"column":60}},"30":{"start":{"line":41,"column":0},"end":{"line":41,"column":64}},"31":{"start":{"line":42,"column":0},"end":{"line":42,"column":67}},"32":{"start":{"line":45,"column":0},"end":{"line":45,"column":87}},"33":{"start":{"line":46,"column":0},"end":{"line":46,"column":68}},"34":{"start":{"line":47,"column":0},"end":{"line":47,"column":75}},"35":{"start":{"line":49,"column":0},"end":{"line":49,"column":23}}},"fnMap":{},"branchMap":{},"s":{"0":4,"1":4,"2":4,"3":4,"4":4,"5":4,"6":4,"7":4,"8":4,"9":4,"10":4,"11":4,"12":4,"13":4,"14":4,"15":4,"16":4,"17":4,"18":4,"19":4,"20":4,"21":4,"22":4,"23":4,"24":4,"25":4,"26":4,"27":4,"28":4,"29":4,"30":4,"31":4,"32":4,"33":4,"34":4,"35":4},"f":{},"b":{},"_coverageSchema":"1a1c01bbd47fc00a2c39e90264f33305004495a9","hash":"0c7501ef7b82a11eca5a696912d31f1123d47da1"}
,"C:\\Users\\Alek\\source\\repos\\MERN_SensorDataManagementSystem\\server\\tests\\db.js": {"path":"C:\\Users\\Alek\\source\\repos\\MERN_SensorDataManagementSystem\\server\\tests\\db.js","statementMap":{"0":{"start":{"line":1,"column":17},"end":{"line":1,"column":36}},"1":{"start":{"line":2,"column":30},"end":{"line":2,"column":62}},"2":{"start":{"line":4,"column":13},"end":{"line":4,"column":22}},"3":{"start":{"line":6,"column":0},"end":{"line":15,"column":1}},"4":{"start":{"line":7,"column":4},"end":{"line":7,"column":45}},"5":{"start":{"line":8,"column":16},"end":{"line":8,"column":31}},"6":{"start":{"line":10,"column":25},"end":{"line":12,"column":5}},"7":{"start":{"line":14,"column":4},"end":{"line":14,"column":45}},"8":{"start":{"line":17,"column":0},"end":{"line":23,"column":1}},"9":{"start":{"line":18,"column":4},"end":{"line":22,"column":5}},"10":{"start":{"line":19,"column":8},"end":{"line":19,"column":48}},"11":{"start":{"line":20,"column":8},"end":{"line":20,"column":41}},"12":{"start":{"line":21,"column":8},"end":{"line":21,"column":27}},"13":{"start":{"line":25,"column":0},"end":{"line":34,"column":1}},"14":{"start":{"line":26,"column":4},"end":{"line":33,"column":5}},"15":{"start":{"line":27,"column":28},"end":{"line":27,"column":59}},"16":{"start":{"line":29,"column":8},"end":{"line":32,"column":9}},"17":{"start":{"line":30,"column":31},"end":{"line":30,"column":47}},"18":{"start":{"line":31,"column":12},"end":{"line":31,"column":41}}},"fnMap":{"0":{"name":"(anonymous_0)","decl":{"start":{"line":6,"column":25},"end":{"line":6,"column":26}},"loc":{"start":{"line":6,"column":37},"end":{"line":15,"column":1}},"line":6},"1":{"name":"(anonymous_1)","decl":{"start":{"line":17,"column":31},"end":{"line":17,"column":32}},"loc":{"start":{"line":17,"column":43},"end":{"line":23,"column":1}},"line":17},"2":{"name":"(anonymous_2)","decl":{"start":{"line":25,"column":31},"end":{"line":25,"column":32}},"loc":{"start":{"line":25,"column":43},"end":{"line":34,"column":1}},"line":25}},"branchMap":{"0":{"loc":{"start":{"line":18,"column":4},"end":{"line":22,"column":5}},"type":"if","locations":[{"start":{"line":18,"column":4},"end":{"line":22,"column":5}},{"start":{},"end":{}}],"line":18},"1":{"loc":{"start":{"line":26,"column":4},"end":{"line":33,"column":5}},"type":"if","locations":[{"start":{"line":26,"column":4},"end":{"line":33,"column":5}},{"start":{},"end":{}}],"line":26}},"s":{"0":4,"1":4,"2":4,"3":4,"4":4,"5":4,"6":4,"7":4,"8":4,"9":4,"10":4,"11":4,"12":4,"13":4,"14":135,"15":135,"16":135,"17":540,"18":540},"f":{"0":4,"1":4,"2":135},"b":{"0":[4,0],"1":[135,0]},"_coverageSchema":"1a1c01bbd47fc00a2c39e90264f33305004495a9","hash":"ac53b94e92ca00373041d2a84dad695ac277f1c0"}
}
