{"C:\\Users\\Alek\\source\\repos\\MERN_SensorDataManagementSystem\\server\\index.js": {"path":"C:\\Users\\Alek\\source\\repos\\MERN_SensorDataManagementSystem\\server\\index.js","statementMap":{"0":{"start":{"line":1,"column":16},"end":{"line":1,"column":34}},"1":{"start":{"line":2,"column":19},"end":{"line":2,"column":41}},"2":{"start":{"line":3,"column":13},"end":{"line":3,"column":28}},"3":{"start":{"line":4,"column":13},"end":{"line":4,"column":28}},"4":{"start":{"line":5,"column":11},"end":{"line":5,"column":24}},"5":{"start":{"line":7,"column":11},"end":{"line":7,"column":26}},"6":{"start":{"line":8,"column":19},"end":{"line":8,"column":56}},"7":{"start":{"line":10,"column":12},"end":{"line":10,"column":21}},"8":{"start":{"line":11,"column":16},"end":{"line":11,"column":20}},"9":{"start":{"line":13,"column":0},"end":{"line":13,"column":50}},"10":{"start":{"line":14,"column":0},"end":{"line":14,"column":15}},"11":{"start":{"line":15,"column":0},"end":{"line":15,"column":26}},"12":{"start":{"line":17,"column":0},"end":{"line":17,"column":73}},"13":{"start":{"line":19,"column":0},"end":{"line":21,"column":2}},"14":{"start":{"line":20,"column":4},"end":{"line":20,"column":27}},"15":{"start":{"line":23,"column":0},"end":{"line":23,"column":27}},"16":{"start":{"line":25,"column":0},"end":{"line":25,"column":75}},"17":{"start":{"line":25,"column":26},"end":{"line":25,"column":74}},"18":{"start":{"line":27,"column":0},"end":{"line":27,"column":20}}},"fnMap":{"0":{"name":"(anonymous_0)","decl":{"start":{"line":19,"column":13},"end":{"line":19,"column":14}},"loc":{"start":{"line":19,"column":27},"end":{"line":21,"column":1}},"line":19},"1":{"name":"(anonymous_1)","decl":{"start":{"line":25,"column":20},"end":{"line":25,"column":21}},"loc":{"start":{"line":25,"column":26},"end":{"line":25,"column":74}},"line":25}},"branchMap":{},"s":{"0":2,"1":2,"2":2,"3":2,"4":2,"5":2,"6":2,"7":2,"8":2,"9":2,"10":2,"11":2,"12":2,"13":2,"14":0,"15":2,"16":2,"17":1,"18":2},"f":{"0":0,"1":1},"b":{},"_coverageSchema":"1a1c01bbd47fc00a2c39e90264f33305004495a9","hash":"5d63785d8eb59fc99eec4466e6bae56848eada85"}
,"C:\\Users\\Alek\\source\\repos\\MERN_SensorDataManagementSystem\\server\\controllers\\sensordata-controller.js": {"path":"C:\\Users\\Alek\\source\\repos\\MERN_SensorDataManagementSystem\\server\\controllers\\sensordata-controller.js","statementMap":{"0":{"start":{"line":1,"column":19},"end":{"line":1,"column":56}},"1":{"start":{"line":2,"column":14},"end":{"line":2,"column":30}},"2":{"start":{"line":3,"column":11},"end":{"line":3,"column":24}},"3":{"start":{"line":4,"column":18},"end":{"line":4,"column":38}},"4":{"start":{"line":5,"column":20},"end":{"line":5,"column":39}},"5":{"start":{"line":7,"column":0},"end":{"line":38,"column":1}},"6":{"start":{"line":8,"column":17},"end":{"line":8,"column":25}},"7":{"start":{"line":10,"column":4},"end":{"line":15,"column":5}},"8":{"start":{"line":11,"column":8},"end":{"line":14,"column":10}},"9":{"start":{"line":17,"column":23},"end":{"line":17,"column":43}},"10":{"start":{"line":19,"column":4},"end":{"line":21,"column":5}},"11":{"start":{"line":20,"column":8},"end":{"line":20,"column":67}},"12":{"start":{"line":23,"column":4},"end":{"line":37,"column":10}},"13":{"start":{"line":26,"column":12},"end":{"line":30,"column":14}},"14":{"start":{"line":33,"column":12},"end":{"line":36,"column":14}},"15":{"start":{"line":40,"column":0},"end":{"line":54,"column":1}},"16":{"start":{"line":41,"column":4},"end":{"line":53,"column":37}},"17":{"start":{"line":42,"column":8},"end":{"line":44,"column":9}},"18":{"start":{"line":43,"column":12},"end":{"line":43,"column":71}},"19":{"start":{"line":46,"column":8},"end":{"line":50,"column":9}},"20":{"start":{"line":47,"column":12},"end":{"line":49,"column":70}},"21":{"start":{"line":52,"column":8},"end":{"line":52,"column":70}},"22":{"start":{"line":53,"column":20},"end":{"line":53,"column":36}},"23":{"start":{"line":56,"column":0},"end":{"line":70,"column":1}},"24":{"start":{"line":57,"column":4},"end":{"line":69,"column":37}},"25":{"start":{"line":58,"column":8},"end":{"line":60,"column":9}},"26":{"start":{"line":59,"column":12},"end":{"line":59,"column":71}},"27":{"start":{"line":62,"column":8},"end":{"line":66,"column":9}},"28":{"start":{"line":63,"column":12},"end":{"line":65,"column":70}},"29":{"start":{"line":68,"column":8},"end":{"line":68,"column":70}},"30":{"start":{"line":69,"column":20},"end":{"line":69,"column":36}},"31":{"start":{"line":72,"column":0},"end":{"line":86,"column":1}},"32":{"start":{"line":73,"column":4},"end":{"line":85,"column":37}},"33":{"start":{"line":74,"column":8},"end":{"line":76,"column":9}},"34":{"start":{"line":75,"column":12},"end":{"line":75,"column":82}},"35":{"start":{"line":78,"column":8},"end":{"line":82,"column":9}},"36":{"start":{"line":79,"column":12},"end":{"line":81,"column":70}},"37":{"start":{"line":84,"column":8},"end":{"line":84,"column":73}},"38":{"start":{"line":85,"column":20},"end":{"line":85,"column":36}},"39":{"start":{"line":88,"column":0},"end":{"line":100,"column":1}},"40":{"start":{"line":89,"column":4},"end":{"line":99,"column":37}},"41":{"start":{"line":90,"column":8},"end":{"line":92,"column":9}},"42":{"start":{"line":91,"column":12},"end":{"line":91,"column":71}},"43":{"start":{"line":94,"column":8},"end":{"line":96,"column":9}},"44":{"start":{"line":95,"column":12},"end":{"line":95,"column":87}},"45":{"start":{"line":98,"column":8},"end":{"line":98,"column":72}},"46":{"start":{"line":99,"column":20},"end":{"line":99,"column":36}},"47":{"start":{"line":102,"column":0},"end":{"line":120,"column":1}},"48":{"start":{"line":103,"column":21},"end":{"line":103,"column":69}},"49":{"start":{"line":104,"column":21},"end":{"line":104,"column":62}},"50":{"start":{"line":105,"column":17},"end":{"line":105,"column":59}},"51":{"start":{"line":106,"column":20},"end":{"line":118,"column":5}},"52":{"start":{"line":107,"column":12},"end":{"line":117,"column":10}},"53":{"start":{"line":108,"column":12},"end":{"line":116,"column":13}},"54":{"start":{"line":109,"column":16},"end":{"line":109,"column":50}},"55":{"start":{"line":111,"column":16},"end":{"line":111,"column":35}},"56":{"start":{"line":112,"column":16},"end":{"line":115,"column":18}},"57":{"start":{"line":113,"column":20},"end":{"line":113,"column":32}},"58":{"start":{"line":114,"column":20},"end":{"line":114,"column":66}},"59":{"start":{"line":119,"column":4},"end":{"line":119,"column":21}},"60":{"start":{"line":122,"column":0},"end":{"line":144,"column":1}},"61":{"start":{"line":123,"column":21},"end":{"line":123,"column":40}},"62":{"start":{"line":124,"column":4},"end":{"line":124,"column":34}},"63":{"start":{"line":125,"column":21},"end":{"line":125,"column":23}},"64":{"start":{"line":126,"column":4},"end":{"line":141,"column":6}},"65":{"start":{"line":127,"column":8},"end":{"line":139,"column":14}},"66":{"start":{"line":129,"column":16},"end":{"line":129,"column":37}},"67":{"start":{"line":132,"column":16},"end":{"line":132,"column":34}},"68":{"start":{"line":135,"column":16},"end":{"line":138,"column":79}},"69":{"start":{"line":136,"column":20},"end":{"line":136,"column":84}},"70":{"start":{"line":138,"column":20},"end":{"line":138,"column":79}},"71":{"start":{"line":146,"column":0},"end":{"line":154,"column":1}}},"fnMap":{"0":{"name":"(anonymous_0)","decl":{"start":{"line":7,"column":16},"end":{"line":7,"column":17}},"loc":{"start":{"line":7,"column":36},"end":{"line":38,"column":1}},"line":7},"1":{"name":"(anonymous_1)","decl":{"start":{"line":25,"column":14},"end":{"line":25,"column":15}},"loc":{"start":{"line":25,"column":20},"end":{"line":31,"column":9}},"line":25},"2":{"name":"(anonymous_2)","decl":{"start":{"line":32,"column":15},"end":{"line":32,"column":16}},"loc":{"start":{"line":32,"column":24},"end":{"line":37,"column":9}},"line":32},"3":{"name":"(anonymous_3)","decl":{"start":{"line":40,"column":19},"end":{"line":40,"column":20}},"loc":{"start":{"line":40,"column":39},"end":{"line":54,"column":1}},"line":40},"4":{"name":"(anonymous_4)","decl":{"start":{"line":41,"column":52},"end":{"line":41,"column":53}},"loc":{"start":{"line":41,"column":71},"end":{"line":53,"column":5}},"line":41},"5":{"name":"(anonymous_5)","decl":{"start":{"line":53,"column":13},"end":{"line":53,"column":14}},"loc":{"start":{"line":53,"column":20},"end":{"line":53,"column":36}},"line":53},"6":{"name":"(anonymous_6)","decl":{"start":{"line":56,"column":21},"end":{"line":56,"column":22}},"loc":{"start":{"line":56,"column":41},"end":{"line":70,"column":1}},"line":56},"7":{"name":"(anonymous_7)","decl":{"start":{"line":57,"column":56},"end":{"line":57,"column":57}},"loc":{"start":{"line":57,"column":75},"end":{"line":69,"column":5}},"line":57},"8":{"name":"(anonymous_8)","decl":{"start":{"line":69,"column":13},"end":{"line":69,"column":14}},"loc":{"start":{"line":69,"column":20},"end":{"line":69,"column":36}},"line":69},"9":{"name":"(anonymous_9)","decl":{"start":{"line":72,"column":17},"end":{"line":72,"column":18}},"loc":{"start":{"line":72,"column":37},"end":{"line":86,"column":1}},"line":72},"10":{"name":"(anonymous_10)","decl":{"start":{"line":73,"column":30},"end":{"line":73,"column":31}},"loc":{"start":{"line":73,"column":52},"end":{"line":85,"column":5}},"line":73},"11":{"name":"(anonymous_11)","decl":{"start":{"line":85,"column":13},"end":{"line":85,"column":14}},"loc":{"start":{"line":85,"column":20},"end":{"line":85,"column":36}},"line":85},"12":{"name":"(anonymous_12)","decl":{"start":{"line":88,"column":16},"end":{"line":88,"column":17}},"loc":{"start":{"line":88,"column":36},"end":{"line":100,"column":1}},"line":88},"13":{"name":"(anonymous_13)","decl":{"start":{"line":89,"column":59},"end":{"line":89,"column":60}},"loc":{"start":{"line":89,"column":80},"end":{"line":99,"column":5}},"line":89},"14":{"name":"(anonymous_14)","decl":{"start":{"line":99,"column":13},"end":{"line":99,"column":14}},"loc":{"start":{"line":99,"column":20},"end":{"line":99,"column":36}},"line":99},"15":{"name":"(anonymous_15)","decl":{"start":{"line":102,"column":15},"end":{"line":102,"column":16}},"loc":{"start":{"line":102,"column":29},"end":{"line":120,"column":1}},"line":102},"16":{"name":"(anonymous_16)","decl":{"start":{"line":106,"column":20},"end":{"line":106,"column":21}},"loc":{"start":{"line":106,"column":29},"end":{"line":118,"column":5}},"line":106},"17":{"name":"(anonymous_17)","decl":{"start":{"line":107,"column":28},"end":{"line":107,"column":29}},"loc":{"start":{"line":107,"column":47},"end":{"line":117,"column":9}},"line":107},"18":{"name":"(anonymous_18)","decl":{"start":{"line":112,"column":34},"end":{"line":112,"column":35}},"loc":{"start":{"line":112,"column":40},"end":{"line":115,"column":17}},"line":112},"19":{"name":"(anonymous_19)","decl":{"start":{"line":122,"column":11},"end":{"line":122,"column":12}},"loc":{"start":{"line":122,"column":31},"end":{"line":144,"column":1}},"line":122},"20":{"name":"(anonymous_20)","decl":{"start":{"line":126,"column":45},"end":{"line":126,"column":46}},"loc":{"start":{"line":126,"column":60},"end":{"line":141,"column":5}},"line":126},"21":{"name":"(anonymous_21)","decl":{"start":{"line":128,"column":24},"end":{"line":128,"column":25}},"loc":{"start":{"line":128,"column":32},"end":{"line":130,"column":13}},"line":128},"22":{"name":"(anonymous_22)","decl":{"start":{"line":131,"column":25},"end":{"line":131,"column":26}},"loc":{"start":{"line":131,"column":31},"end":{"line":133,"column":13}},"line":131},"23":{"name":"(anonymous_23)","decl":{"start":{"line":134,"column":23},"end":{"line":134,"column":24}},"loc":{"start":{"line":134,"column":29},"end":{"line":139,"column":13}},"line":134}},"branchMap":{"0":{"loc":{"start":{"line":10,"column":4},"end":{"line":15,"column":5}},"type":"if","locations":[{"start":{"line":10,"column":4},"end":{"line":15,"column":5}},{"start":{},"end":{}}],"line":10},"1":{"loc":{"start":{"line":19,"column":4},"end":{"line":21,"column":5}},"type":"if","locations":[{"start":{"line":19,"column":4},"end":{"line":21,"column":5}},{"start":{},"end":{}}],"line":19},"2":{"loc":{"start":{"line":42,"column":8},"end":{"line":44,"column":9}},"type":"if","locations":[{"start":{"line":42,"column":8},"end":{"line":44,"column":9}},{"start":{},"end":{}}],"line":42},"3":{"loc":{"start":{"line":46,"column":8},"end":{"line":50,"column":9}},"type":"if","locations":[{"start":{"line":46,"column":8},"end":{"line":50,"column":9}},{"start":{},"end":{}}],"line":46},"4":{"loc":{"start":{"line":58,"column":8},"end":{"line":60,"column":9}},"type":"if","locations":[{"start":{"line":58,"column":8},"end":{"line":60,"column":9}},{"start":{},"end":{}}],"line":58},"5":{"loc":{"start":{"line":62,"column":8},"end":{"line":66,"column":9}},"type":"if","locations":[{"start":{"line":62,"column":8},"end":{"line":66,"column":9}},{"start":{},"end":{}}],"line":62},"6":{"loc":{"start":{"line":74,"column":8},"end":{"line":76,"column":9}},"type":"if","locations":[{"start":{"line":74,"column":8},"end":{"line":76,"column":9}},{"start":{},"end":{}}],"line":74},"7":{"loc":{"start":{"line":78,"column":8},"end":{"line":82,"column":9}},"type":"if","locations":[{"start":{"line":78,"column":8},"end":{"line":82,"column":9}},{"start":{},"end":{}}],"line":78},"8":{"loc":{"start":{"line":90,"column":8},"end":{"line":92,"column":9}},"type":"if","locations":[{"start":{"line":90,"column":8},"end":{"line":92,"column":9}},{"start":{},"end":{}}],"line":90},"9":{"loc":{"start":{"line":94,"column":8},"end":{"line":96,"column":9}},"type":"if","locations":[{"start":{"line":94,"column":8},"end":{"line":96,"column":9}},{"start":{},"end":{}}],"line":94},"10":{"loc":{"start":{"line":108,"column":12},"end":{"line":116,"column":13}},"type":"if","locations":[{"start":{"line":108,"column":12},"end":{"line":116,"column":13}},{"start":{"line":110,"column":17},"end":{"line":116,"column":13}}],"line":108},"11":{"loc":{"start":{"line":135,"column":16},"end":{"line":138,"column":79}},"type":"if","locations":[{"start":{"line":135,"column":16},"end":{"line":138,"column":79}},{"start":{"line":138,"column":20},"end":{"line":138,"column":79}}],"line":135}},"s":{"0":2,"1":2,"2":2,"3":2,"4":2,"5":2,"6":18,"7":18,"8":2,"9":16,"10":16,"11":0,"12":16,"13":15,"14":1,"15":2,"16":8,"17":8,"18":0,"19":8,"20":5,"21":3,"22":8,"23":2,"24":6,"25":6,"26":0,"27":6,"28":3,"29":3,"30":6,"31":2,"32":6,"33":6,"34":0,"35":6,"36":3,"37":3,"38":6,"39":2,"40":3,"41":3,"42":0,"43":3,"44":0,"45":3,"46":3,"47":2,"48":0,"49":0,"50":0,"51":0,"52":0,"53":0,"54":0,"55":0,"56":0,"57":0,"58":0,"59":0,"60":2,"61":0,"62":0,"63":0,"64":0,"65":0,"66":0,"67":0,"68":0,"69":0,"70":0,"71":2},"f":{"0":18,"1":15,"2":1,"3":8,"4":8,"5":8,"6":6,"7":6,"8":6,"9":6,"10":6,"11":6,"12":3,"13":3,"14":3,"15":0,"16":0,"17":0,"18":0,"19":0,"20":0,"21":0,"22":0,"23":0},"b":{"0":[2,16],"1":[0,16],"2":[0,8],"3":[5,3],"4":[0,6],"5":[3,3],"6":[0,6],"7":[3,3],"8":[0,3],"9":[0,3],"10":[0,0],"11":[0,0]},"_coverageSchema":"1a1c01bbd47fc00a2c39e90264f33305004495a9","hash":"6738ef96a046c0418b0939064cd598fb2e15349b"}
,"C:\\Users\\Alek\\source\\repos\\MERN_SensorDataManagementSystem\\server\\controllers\\user-controller.js": {"path":"C:\\Users\\Alek\\source\\repos\\MERN_SensorDataManagementSystem\\server\\controllers\\user-controller.js","statementMap":{"0":{"start":{"line":1,"column":13},"end":{"line":1,"column":44}},"1":{"start":{"line":2,"column":15},"end":{"line":2,"column":32}},"2":{"start":{"line":4,"column":0},"end":{"line":38,"column":1}},"3":{"start":{"line":5,"column":17},"end":{"line":5,"column":25}},"4":{"start":{"line":7,"column":4},"end":{"line":12,"column":5}},"5":{"start":{"line":8,"column":8},"end":{"line":11,"column":10}},"6":{"start":{"line":14,"column":17},"end":{"line":14,"column":31}},"7":{"start":{"line":16,"column":4},"end":{"line":21,"column":5}},"8":{"start":{"line":17,"column":8},"end":{"line":17,"column":67}},"9":{"start":{"line":19,"column":21},"end":{"line":19,"column":43}},"10":{"start":{"line":20,"column":8},"end":{"line":20,"column":62}},"11":{"start":{"line":23,"column":4},"end":{"line":37,"column":10}},"12":{"start":{"line":26,"column":12},"end":{"line":30,"column":14}},"13":{"start":{"line":33,"column":12},"end":{"line":36,"column":14}},"14":{"start":{"line":40,"column":0},"end":{"line":54,"column":1}},"15":{"start":{"line":41,"column":4},"end":{"line":53,"column":37}},"16":{"start":{"line":42,"column":8},"end":{"line":44,"column":9}},"17":{"start":{"line":43,"column":12},"end":{"line":43,"column":71}},"18":{"start":{"line":46,"column":8},"end":{"line":50,"column":9}},"19":{"start":{"line":47,"column":12},"end":{"line":49,"column":67}},"20":{"start":{"line":52,"column":8},"end":{"line":52,"column":66}},"21":{"start":{"line":53,"column":20},"end":{"line":53,"column":36}},"22":{"start":{"line":56,"column":0},"end":{"line":70,"column":1}},"23":{"start":{"line":57,"column":4},"end":{"line":69,"column":37}},"24":{"start":{"line":58,"column":8},"end":{"line":60,"column":9}},"25":{"start":{"line":59,"column":12},"end":{"line":59,"column":71}},"26":{"start":{"line":62,"column":8},"end":{"line":66,"column":9}},"27":{"start":{"line":63,"column":12},"end":{"line":65,"column":68}},"28":{"start":{"line":68,"column":8},"end":{"line":68,"column":67}},"29":{"start":{"line":69,"column":20},"end":{"line":69,"column":36}},"30":{"start":{"line":72,"column":0},"end":{"line":109,"column":1}},"31":{"start":{"line":73,"column":17},"end":{"line":73,"column":25}},"32":{"start":{"line":75,"column":4},"end":{"line":80,"column":5}},"33":{"start":{"line":76,"column":8},"end":{"line":79,"column":10}},"34":{"start":{"line":82,"column":4},"end":{"line":108,"column":6}},"35":{"start":{"line":83,"column":8},"end":{"line":88,"column":9}},"36":{"start":{"line":84,"column":12},"end":{"line":87,"column":14}},"37":{"start":{"line":90,"column":8},"end":{"line":90,"column":29}},"38":{"start":{"line":91,"column":8},"end":{"line":91,"column":31}},"39":{"start":{"line":92,"column":8},"end":{"line":92,"column":37}},"40":{"start":{"line":94,"column":8},"end":{"line":107,"column":14}},"41":{"start":{"line":97,"column":16},"end":{"line":101,"column":18}},"42":{"start":{"line":103,"column":16},"end":{"line":106,"column":18}},"43":{"start":{"line":111,"column":0},"end":{"line":139,"column":1}},"44":{"start":{"line":112,"column":4},"end":{"line":138,"column":5}},"45":{"start":{"line":113,"column":21},"end":{"line":113,"column":73}},"46":{"start":{"line":115,"column":8},"end":{"line":120,"column":9}},"47":{"start":{"line":116,"column":12},"end":{"line":119,"column":14}},"48":{"start":{"line":122,"column":8},"end":{"line":127,"column":9}},"49":{"start":{"line":123,"column":12},"end":{"line":126,"column":14}},"50":{"start":{"line":129,"column":8},"end":{"line":132,"column":10}},"51":{"start":{"line":134,"column":8},"end":{"line":137,"column":10}},"52":{"start":{"line":141,"column":0},"end":{"line":153,"column":1}},"53":{"start":{"line":142,"column":4},"end":{"line":152,"column":37}},"54":{"start":{"line":143,"column":8},"end":{"line":145,"column":9}},"55":{"start":{"line":144,"column":12},"end":{"line":144,"column":71}},"56":{"start":{"line":147,"column":8},"end":{"line":149,"column":9}},"57":{"start":{"line":148,"column":12},"end":{"line":148,"column":83}},"58":{"start":{"line":151,"column":8},"end":{"line":151,"column":66}},"59":{"start":{"line":152,"column":20},"end":{"line":152,"column":36}},"60":{"start":{"line":155,"column":0},"end":{"line":162,"column":1}}},"fnMap":{"0":{"name":"(anonymous_0)","decl":{"start":{"line":4,"column":13},"end":{"line":4,"column":14}},"loc":{"start":{"line":4,"column":33},"end":{"line":38,"column":1}},"line":4},"1":{"name":"(anonymous_1)","decl":{"start":{"line":25,"column":14},"end":{"line":25,"column":15}},"loc":{"start":{"line":25,"column":20},"end":{"line":31,"column":9}},"line":25},"2":{"name":"(anonymous_2)","decl":{"start":{"line":32,"column":15},"end":{"line":32,"column":16}},"loc":{"start":{"line":32,"column":24},"end":{"line":37,"column":9}},"line":32},"3":{"name":"(anonymous_3)","decl":{"start":{"line":40,"column":17},"end":{"line":40,"column":18}},"loc":{"start":{"line":40,"column":37},"end":{"line":54,"column":1}},"line":40},"4":{"name":"(anonymous_4)","decl":{"start":{"line":41,"column":51},"end":{"line":41,"column":52}},"loc":{"start":{"line":41,"column":66},"end":{"line":53,"column":5}},"line":41},"5":{"name":"(anonymous_5)","decl":{"start":{"line":53,"column":13},"end":{"line":53,"column":14}},"loc":{"start":{"line":53,"column":20},"end":{"line":53,"column":36}},"line":53},"6":{"name":"(anonymous_6)","decl":{"start":{"line":56,"column":11},"end":{"line":56,"column":12}},"loc":{"start":{"line":56,"column":31},"end":{"line":70,"column":1}},"line":56},"7":{"name":"(anonymous_7)","decl":{"start":{"line":57,"column":24},"end":{"line":57,"column":25}},"loc":{"start":{"line":57,"column":40},"end":{"line":69,"column":5}},"line":57},"8":{"name":"(anonymous_8)","decl":{"start":{"line":69,"column":13},"end":{"line":69,"column":14}},"loc":{"start":{"line":69,"column":20},"end":{"line":69,"column":36}},"line":69},"9":{"name":"(anonymous_9)","decl":{"start":{"line":72,"column":13},"end":{"line":72,"column":14}},"loc":{"start":{"line":72,"column":33},"end":{"line":109,"column":1}},"line":72},"10":{"name":"(anonymous_10)","decl":{"start":{"line":82,"column":46},"end":{"line":82,"column":47}},"loc":{"start":{"line":82,"column":61},"end":{"line":108,"column":5}},"line":82},"11":{"name":"(anonymous_11)","decl":{"start":{"line":96,"column":18},"end":{"line":96,"column":19}},"loc":{"start":{"line":96,"column":24},"end":{"line":102,"column":13}},"line":96},"12":{"name":"(anonymous_12)","decl":{"start":{"line":102,"column":21},"end":{"line":102,"column":22}},"loc":{"start":{"line":102,"column":30},"end":{"line":107,"column":13}},"line":102},"13":{"name":"(anonymous_13)","decl":{"start":{"line":111,"column":18},"end":{"line":111,"column":19}},"loc":{"start":{"line":111,"column":38},"end":{"line":139,"column":1}},"line":111},"14":{"name":"(anonymous_14)","decl":{"start":{"line":141,"column":13},"end":{"line":141,"column":14}},"loc":{"start":{"line":141,"column":33},"end":{"line":153,"column":1}},"line":141},"15":{"name":"(anonymous_15)","decl":{"start":{"line":142,"column":57},"end":{"line":142,"column":58}},"loc":{"start":{"line":142,"column":72},"end":{"line":152,"column":5}},"line":142},"16":{"name":"(anonymous_16)","decl":{"start":{"line":152,"column":13},"end":{"line":152,"column":14}},"loc":{"start":{"line":152,"column":20},"end":{"line":152,"column":36}},"line":152}},"branchMap":{"0":{"loc":{"start":{"line":7,"column":4},"end":{"line":12,"column":5}},"type":"if","locations":[{"start":{"line":7,"column":4},"end":{"line":12,"column":5}},{"start":{},"end":{}}],"line":7},"1":{"loc":{"start":{"line":16,"column":4},"end":{"line":21,"column":5}},"type":"if","locations":[{"start":{"line":16,"column":4},"end":{"line":21,"column":5}},{"start":{"line":18,"column":11},"end":{"line":21,"column":5}}],"line":16},"2":{"loc":{"start":{"line":42,"column":8},"end":{"line":44,"column":9}},"type":"if","locations":[{"start":{"line":42,"column":8},"end":{"line":44,"column":9}},{"start":{},"end":{}}],"line":42},"3":{"loc":{"start":{"line":46,"column":8},"end":{"line":50,"column":9}},"type":"if","locations":[{"start":{"line":46,"column":8},"end":{"line":50,"column":9}},{"start":{},"end":{}}],"line":46},"4":{"loc":{"start":{"line":58,"column":8},"end":{"line":60,"column":9}},"type":"if","locations":[{"start":{"line":58,"column":8},"end":{"line":60,"column":9}},{"start":{},"end":{}}],"line":58},"5":{"loc":{"start":{"line":62,"column":8},"end":{"line":66,"column":9}},"type":"if","locations":[{"start":{"line":62,"column":8},"end":{"line":66,"column":9}},{"start":{},"end":{}}],"line":62},"6":{"loc":{"start":{"line":75,"column":4},"end":{"line":80,"column":5}},"type":"if","locations":[{"start":{"line":75,"column":4},"end":{"line":80,"column":5}},{"start":{},"end":{}}],"line":75},"7":{"loc":{"start":{"line":83,"column":8},"end":{"line":88,"column":9}},"type":"if","locations":[{"start":{"line":83,"column":8},"end":{"line":88,"column":9}},{"start":{},"end":{}}],"line":83},"8":{"loc":{"start":{"line":115,"column":8},"end":{"line":120,"column":9}},"type":"if","locations":[{"start":{"line":115,"column":8},"end":{"line":120,"column":9}},{"start":{},"end":{}}],"line":115},"9":{"loc":{"start":{"line":122,"column":8},"end":{"line":127,"column":9}},"type":"if","locations":[{"start":{"line":122,"column":8},"end":{"line":127,"column":9}},{"start":{},"end":{}}],"line":122},"10":{"loc":{"start":{"line":143,"column":8},"end":{"line":145,"column":9}},"type":"if","locations":[{"start":{"line":143,"column":8},"end":{"line":145,"column":9}},{"start":{},"end":{}}],"line":143},"11":{"loc":{"start":{"line":147,"column":8},"end":{"line":149,"column":9}},"type":"if","locations":[{"start":{"line":147,"column":8},"end":{"line":149,"column":9}},{"start":{},"end":{}}],"line":147}},"s":{"0":2,"1":2,"2":2,"3":16,"4":16,"5":2,"6":14,"7":14,"8":0,"9":14,"10":14,"11":13,"12":13,"13":0,"14":2,"15":8,"16":8,"17":0,"18":8,"19":3,"20":5,"21":8,"22":2,"23":6,"24":6,"25":0,"26":6,"27":3,"28":3,"29":6,"30":2,"31":4,"32":4,"33":2,"34":2,"35":2,"36":0,"37":2,"38":2,"39":2,"40":2,"41":2,"42":0,"43":2,"44":0,"45":0,"46":0,"47":0,"48":0,"49":0,"50":0,"51":0,"52":2,"53":5,"54":5,"55":1,"56":4,"57":3,"58":1,"59":5,"60":2},"f":{"0":16,"1":13,"2":0,"3":8,"4":8,"5":8,"6":6,"7":6,"8":6,"9":4,"10":2,"11":2,"12":0,"13":0,"14":5,"15":5,"16":5},"b":{"0":[2,14],"1":[0,14],"2":[0,8],"3":[3,5],"4":[0,6],"5":[3,3],"6":[2,2],"7":[0,2],"8":[0,0],"9":[0,0],"10":[1,4],"11":[3,1]},"_coverageSchema":"1a1c01bbd47fc00a2c39e90264f33305004495a9","hash":"1a641e91f14849e1f47757f38b605181d6171a46"}
,"C:\\Users\\Alek\\source\\repos\\MERN_SensorDataManagementSystem\\server\\db\\index.js": {"path":"C:\\Users\\Alek\\source\\repos\\MERN_SensorDataManagementSystem\\server\\db\\index.js","statementMap":{"0":{"start":{"line":1,"column":17},"end":{"line":1,"column":36}},"1":{"start":{"line":3,"column":0},"end":{"line":7,"column":6}},"2":{"start":{"line":6,"column":8},"end":{"line":6,"column":52}},"3":{"start":{"line":9,"column":11},"end":{"line":9,"column":30}},"4":{"start":{"line":11,"column":0},"end":{"line":11,"column":20}}},"fnMap":{"0":{"name":"(anonymous_0)","decl":{"start":{"line":5,"column":11},"end":{"line":5,"column":12}},"loc":{"start":{"line":5,"column":16},"end":{"line":7,"column":5}},"line":5}},"branchMap":{},"s":{"0":2,"1":2,"2":0,"3":2,"4":2},"f":{"0":0},"b":{},"_coverageSchema":"1a1c01bbd47fc00a2c39e90264f33305004495a9","hash":"e86173cf242998211922915df1928b04ff34be94"}
,"C:\\Users\\Alek\\source\\repos\\MERN_SensorDataManagementSystem\\server\\models\\sensordata-model.js": {"path":"C:\\Users\\Alek\\source\\repos\\MERN_SensorDataManagementSystem\\server\\models\\sensordata-model.js","statementMap":{"0":{"start":{"line":1,"column":17},"end":{"line":1,"column":36}},"1":{"start":{"line":2,"column":15},"end":{"line":2,"column":30}},"2":{"start":{"line":4,"column":19},"end":{"line":15,"column":1}},"3":{"start":{"line":17,"column":0},"end":{"line":17,"column":57}}},"fnMap":{},"branchMap":{},"s":{"0":2,"1":2,"2":2,"3":2},"f":{},"b":{},"_coverageSchema":"1a1c01bbd47fc00a2c39e90264f33305004495a9","hash":"da30bf5968731277c3d91fac0f0697cd97608e24"}
,"C:\\Users\\Alek\\source\\repos\\MERN_SensorDataManagementSystem\\server\\models\\user-model.js": {"path":"C:\\Users\\Alek\\source\\repos\\MERN_SensorDataManagementSystem\\server\\models\\user-model.js","statementMap":{"0":{"start":{"line":1,"column":17},"end":{"line":1,"column":36}},"1":{"start":{"line":2,"column":15},"end":{"line":2,"column":30}},"2":{"start":{"line":4,"column":13},"end":{"line":11,"column":1}},"3":{"start":{"line":13,"column":0},"end":{"line":13,"column":45}}},"fnMap":{},"branchMap":{},"s":{"0":2,"1":2,"2":2,"3":2},"f":{},"b":{},"_coverageSchema":"1a1c01bbd47fc00a2c39e90264f33305004495a9","hash":"befcabf79c836a877aa170f1571853fb9879e902"}
,"C:\\Users\\Alek\\source\\repos\\MERN_SensorDataManagementSystem\\server\\routes\\sensordata-router.js": {"path":"C:\\Users\\Alek\\source\\repos\\MERN_SensorDataManagementSystem\\server\\routes\\sensordata-router.js","statementMap":{"0":{"start":{"line":1,"column":16},"end":{"line":1,"column":34}},"1":{"start":{"line":3,"column":29},"end":{"line":3,"column":76}},"2":{"start":{"line":4,"column":23},"end":{"line":4,"column":64}},"3":{"start":{"line":6,"column":15},"end":{"line":6,"column":31}},"4":{"start":{"line":9,"column":0},"end":{"line":9,"column":59}},"5":{"start":{"line":10,"column":0},"end":{"line":10,"column":60}},"6":{"start":{"line":11,"column":0},"end":{"line":11,"column":67}},"7":{"start":{"line":12,"column":0},"end":{"line":12,"column":76}},"8":{"start":{"line":13,"column":0},"end":{"line":13,"column":67}},"9":{"start":{"line":14,"column":0},"end":{"line":14,"column":55}},"10":{"start":{"line":15,"column":0},"end":{"line":15,"column":60}},"11":{"start":{"line":18,"column":0},"end":{"line":18,"column":47}},"12":{"start":{"line":19,"column":0},"end":{"line":19,"column":57}},"13":{"start":{"line":20,"column":0},"end":{"line":20,"column":45}},"14":{"start":{"line":21,"column":0},"end":{"line":21,"column":54}},"15":{"start":{"line":22,"column":0},"end":{"line":22,"column":53}},"16":{"start":{"line":23,"column":0},"end":{"line":23,"column":65}},"17":{"start":{"line":25,"column":0},"end":{"line":25,"column":23}}},"fnMap":{},"branchMap":{},"s":{"0":2,"1":2,"2":2,"3":2,"4":2,"5":2,"6":2,"7":2,"8":2,"9":2,"10":2,"11":2,"12":2,"13":2,"14":2,"15":2,"16":2,"17":2},"f":{},"b":{},"_coverageSchema":"1a1c01bbd47fc00a2c39e90264f33305004495a9","hash":"ffc75c678dedb0cb54f039677efb8b14e612c941"}
,"C:\\Users\\Alek\\source\\repos\\MERN_SensorDataManagementSystem\\server\\tests\\db.js": {"path":"C:\\Users\\Alek\\source\\repos\\MERN_SensorDataManagementSystem\\server\\tests\\db.js","statementMap":{"0":{"start":{"line":1,"column":17},"end":{"line":1,"column":36}},"1":{"start":{"line":2,"column":30},"end":{"line":2,"column":62}},"2":{"start":{"line":4,"column":13},"end":{"line":4,"column":22}},"3":{"start":{"line":6,"column":0},"end":{"line":15,"column":1}},"4":{"start":{"line":7,"column":4},"end":{"line":7,"column":45}},"5":{"start":{"line":8,"column":16},"end":{"line":8,"column":31}},"6":{"start":{"line":10,"column":25},"end":{"line":12,"column":5}},"7":{"start":{"line":14,"column":4},"end":{"line":14,"column":45}},"8":{"start":{"line":17,"column":0},"end":{"line":23,"column":1}},"9":{"start":{"line":18,"column":4},"end":{"line":22,"column":5}},"10":{"start":{"line":19,"column":8},"end":{"line":19,"column":48}},"11":{"start":{"line":20,"column":8},"end":{"line":20,"column":41}},"12":{"start":{"line":21,"column":8},"end":{"line":21,"column":27}},"13":{"start":{"line":25,"column":0},"end":{"line":34,"column":1}},"14":{"start":{"line":26,"column":4},"end":{"line":33,"column":5}},"15":{"start":{"line":27,"column":28},"end":{"line":27,"column":59}},"16":{"start":{"line":29,"column":8},"end":{"line":32,"column":9}},"17":{"start":{"line":30,"column":31},"end":{"line":30,"column":47}},"18":{"start":{"line":31,"column":12},"end":{"line":31,"column":41}}},"fnMap":{"0":{"name":"(anonymous_0)","decl":{"start":{"line":6,"column":25},"end":{"line":6,"column":26}},"loc":{"start":{"line":6,"column":37},"end":{"line":15,"column":1}},"line":6},"1":{"name":"(anonymous_1)","decl":{"start":{"line":17,"column":31},"end":{"line":17,"column":32}},"loc":{"start":{"line":17,"column":43},"end":{"line":23,"column":1}},"line":17},"2":{"name":"(anonymous_2)","decl":{"start":{"line":25,"column":31},"end":{"line":25,"column":32}},"loc":{"start":{"line":25,"column":43},"end":{"line":34,"column":1}},"line":25}},"branchMap":{"0":{"loc":{"start":{"line":18,"column":4},"end":{"line":22,"column":5}},"type":"if","locations":[{"start":{"line":18,"column":4},"end":{"line":22,"column":5}},{"start":{},"end":{}}],"line":18},"1":{"loc":{"start":{"line":26,"column":4},"end":{"line":33,"column":5}},"type":"if","locations":[{"start":{"line":26,"column":4},"end":{"line":33,"column":5}},{"start":{},"end":{}}],"line":26}},"s":{"0":2,"1":2,"2":2,"3":2,"4":2,"5":2,"6":2,"7":2,"8":2,"9":2,"10":2,"11":2,"12":2,"13":2,"14":54,"15":54,"16":54,"17":108,"18":108},"f":{"0":2,"1":2,"2":54},"b":{"0":[2,0],"1":[54,0]},"_coverageSchema":"1a1c01bbd47fc00a2c39e90264f33305004495a9","hash":"ac53b94e92ca00373041d2a84dad695ac277f1c0"}
}
