TN:
SF:index.js
FN:19,(anonymous_0)
FN:25,(anonymous_1)
FNF:2
FNH:1
FNDA:0,(anonymous_0)
FNDA:1,(anonymous_1)
DA:1,2
DA:2,2
DA:3,2
DA:4,2
DA:5,2
DA:7,2
DA:8,2
DA:10,2
DA:11,2
DA:13,2
DA:14,2
DA:15,2
DA:17,2
DA:19,2
DA:20,0
DA:23,2
DA:25,2
DA:27,2
LF:18
LH:17
BRF:0
BRH:0
end_of_record
TN:
SF:controllers\sensordata-controller.js
FN:7,(anonymous_0)
FN:25,(anonymous_1)
FN:32,(anonymous_2)
FN:40,(anonymous_3)
FN:41,(anonymous_4)
FN:53,(anonymous_5)
FN:56,(anonymous_6)
FN:57,(anonymous_7)
FN:69,(anonymous_8)
FN:72,(anonymous_9)
FN:73,(anonymous_10)
FN:85,(anonymous_11)
FN:88,(anonymous_12)
FN:89,(anonymous_13)
FN:99,(anonymous_14)
FN:102,(anonymous_15)
FN:106,(anonymous_16)
FN:107,(anonymous_17)
FN:112,(anonymous_18)
FN:122,(anonymous_19)
FN:126,(anonymous_20)
FN:128,(anonymous_21)
FN:131,(anonymous_22)
FN:134,(anonymous_23)
FNF:24
FNH:15
FNDA:18,(anonymous_0)
FNDA:15,(anonymous_1)
FNDA:1,(anonymous_2)
FNDA:8,(anonymous_3)
FNDA:8,(anonymous_4)
FNDA:8,(anonymous_5)
FNDA:6,(anonymous_6)
FNDA:6,(anonymous_7)
FNDA:6,(anonymous_8)
FNDA:6,(anonymous_9)
FNDA:6,(anonymous_10)
FNDA:6,(anonymous_11)
FNDA:3,(anonymous_12)
FNDA:3,(anonymous_13)
FNDA:3,(anonymous_14)
FNDA:0,(anonymous_15)
FNDA:0,(anonymous_16)
FNDA:0,(anonymous_17)
FNDA:0,(anonymous_18)
FNDA:0,(anonymous_19)
FNDA:0,(anonymous_20)
FNDA:0,(anonymous_21)
FNDA:0,(anonymous_22)
FNDA:0,(anonymous_23)
DA:1,2
DA:2,2
DA:3,2
DA:4,2
DA:5,2
DA:7,2
DA:8,18
DA:10,18
DA:11,2
DA:17,16
DA:19,16
DA:20,0
DA:23,16
DA:26,15
DA:33,1
DA:40,2
DA:41,8
DA:42,8
DA:43,0
DA:46,8
DA:47,5
DA:52,3
DA:53,8
DA:56,2
DA:57,6
DA:58,6
DA:59,0
DA:62,6
DA:63,3
DA:68,3
DA:69,6
DA:72,2
DA:73,6
DA:74,6
DA:75,0
DA:78,6
DA:79,3
DA:84,3
DA:85,6
DA:88,2
DA:89,3
DA:90,3
DA:91,0
DA:94,3
DA:95,0
DA:98,3
DA:99,3
DA:102,2
DA:103,0
DA:104,0
DA:105,0
DA:106,0
DA:107,0
DA:108,0
DA:109,0
DA:111,0
DA:112,0
DA:113,0
DA:114,0
DA:119,0
DA:122,2
DA:123,0
DA:124,0
DA:125,0
DA:126,0
DA:127,0
DA:129,0
DA:132,0
DA:135,0
DA:136,0
DA:138,0
DA:146,2
LF:72
LH:44
BRDA:10,0,0,2
BRDA:10,0,1,16
BRDA:19,1,0,0
BRDA:19,1,1,16
BRDA:42,2,0,0
BRDA:42,2,1,8
BRDA:46,3,0,5
BRDA:46,3,1,3
BRDA:58,4,0,0
BRDA:58,4,1,6
BRDA:62,5,0,3
BRDA:62,5,1,3
BRDA:74,6,0,0
BRDA:74,6,1,6
BRDA:78,7,0,3
BRDA:78,7,1,3
BRDA:90,8,0,0
BRDA:90,8,1,3
BRDA:94,9,0,0
BRDA:94,9,1,3
BRDA:108,10,0,0
BRDA:108,10,1,0
BRDA:135,11,0,0
BRDA:135,11,1,0
BRF:24
BRH:14
end_of_record
TN:
SF:controllers\user-controller.js
FN:4,(anonymous_0)
FN:25,(anonymous_1)
FN:32,(anonymous_2)
FN:40,(anonymous_3)
FN:41,(anonymous_4)
FN:53,(anonymous_5)
FN:56,(anonymous_6)
FN:57,(anonymous_7)
FN:69,(anonymous_8)
FN:72,(anonymous_9)
FN:82,(anonymous_10)
FN:96,(anonymous_11)
FN:102,(anonymous_12)
FN:111,(anonymous_13)
FN:141,(anonymous_14)
FN:142,(anonymous_15)
FN:152,(anonymous_16)
FNF:17
FNH:14
FNDA:16,(anonymous_0)
FNDA:13,(anonymous_1)
FNDA:0,(anonymous_2)
FNDA:8,(anonymous_3)
FNDA:8,(anonymous_4)
FNDA:8,(anonymous_5)
FNDA:6,(anonymous_6)
FNDA:6,(anonymous_7)
FNDA:6,(anonymous_8)
FNDA:4,(anonymous_9)
FNDA:2,(anonymous_10)
FNDA:2,(anonymous_11)
FNDA:0,(anonymous_12)
FNDA:0,(anonymous_13)
FNDA:5,(anonymous_14)
FNDA:5,(anonymous_15)
FNDA:5,(anonymous_16)
DA:1,2
DA:2,2
DA:4,2
DA:5,16
DA:7,16
DA:8,2
DA:14,14
DA:16,14
DA:17,0
DA:19,14
DA:20,14
DA:23,13
DA:26,13
DA:33,0
DA:40,2
DA:41,8
DA:42,8
DA:43,0
DA:46,8
DA:47,3
DA:52,5
DA:53,8
DA:56,2
DA:57,6
DA:58,6
DA:59,0
DA:62,6
DA:63,3
DA:68,3
DA:69,6
DA:72,2
DA:73,4
DA:75,4
DA:76,2
DA:82,2
DA:83,2
DA:84,0
DA:90,2
DA:91,2
DA:92,2
DA:94,2
DA:97,2
DA:103,0
DA:111,2
DA:112,0
DA:113,0
DA:115,0
DA:116,0
DA:122,0
DA:123,0
DA:129,0
DA:134,0
DA:141,2
DA:142,5
DA:143,5
DA:144,1
DA:147,4
DA:148,3
DA:151,1
DA:152,5
DA:155,2
LF:61
LH:47
BRDA:7,0,0,2
BRDA:7,0,1,14
BRDA:16,1,0,0
BRDA:16,1,1,14
BRDA:42,2,0,0
BRDA:42,2,1,8
BRDA:46,3,0,3
BRDA:46,3,1,5
BRDA:58,4,0,0
BRDA:58,4,1,6
BRDA:62,5,0,3
BRDA:62,5,1,3
BRDA:75,6,0,2
BRDA:75,6,1,2
BRDA:83,7,0,0
BRDA:83,7,1,2
BRDA:115,8,0,0
BRDA:115,8,1,0
BRDA:122,9,0,0
BRDA:122,9,1,0
BRDA:143,10,0,1
BRDA:143,10,1,4
BRDA:147,11,0,3
BRDA:147,11,1,1
BRF:24
BRH:16
end_of_record
TN:
SF:db\index.js
FN:5,(anonymous_0)
FNF:1
FNH:0
FNDA:0,(anonymous_0)
DA:1,2
DA:3,2
DA:6,0
DA:9,2
DA:11,2
LF:5
LH:4
BRF:0
BRH:0
end_of_record
TN:
SF:models\sensordata-model.js
FNF:0
FNH:0
DA:1,2
DA:2,2
DA:4,2
DA:17,2
LF:4
LH:4
BRF:0
BRH:0
end_of_record
TN:
SF:models\user-model.js
FNF:0
FNH:0
DA:1,2
DA:2,2
DA:4,2
DA:13,2
LF:4
LH:4
BRF:0
BRH:0
end_of_record
TN:
SF:routes\sensordata-router.js
FNF:0
FNH:0
DA:1,2
DA:3,2
DA:4,2
DA:6,2
DA:9,2
DA:10,2
DA:11,2
DA:12,2
DA:13,2
DA:14,2
DA:15,2
DA:18,2
DA:19,2
DA:20,2
DA:21,2
DA:22,2
DA:23,2
DA:25,2
LF:18
LH:18
BRF:0
BRH:0
end_of_record
TN:
SF:tests\db.js
FN:6,(anonymous_0)
FN:17,(anonymous_1)
FN:25,(anonymous_2)
FNF:3
FNH:3
FNDA:2,(anonymous_0)
FNDA:2,(anonymous_1)
FNDA:54,(anonymous_2)
DA:1,2
DA:2,2
DA:4,2
DA:6,2
DA:7,2
DA:8,2
DA:10,2
DA:14,2
DA:17,2
DA:18,2
DA:19,2
DA:20,2
DA:21,2
DA:25,2
DA:26,54
DA:27,54
DA:29,54
DA:30,108
DA:31,108
LF:19
LH:19
BRDA:18,0,0,2
BRDA:18,0,1,0
BRDA:26,1,0,54
BRDA:26,1,1,0
BRF:4
BRH:2
end_of_record
