TN:
SF:index.js
FN:20,(anonymous_0)
FN:26,(anonymous_1)
FN:30,(anonymous_2)
FNF:3
FNH:1
FNDA:0,(anonymous_0)
FNDA:0,(anonymous_1)
FNDA:1,(anonymous_2)
DA:1,4
DA:2,4
DA:3,4
DA:4,4
DA:5,4
DA:7,4
DA:8,4
DA:9,4
DA:11,4
DA:12,4
DA:14,4
DA:15,4
DA:16,4
DA:18,4
DA:20,4
DA:21,0
DA:24,4
DA:25,4
DA:26,4
DA:28,4
DA:30,4
DA:32,4
LF:22
LH:21
BRF:0
BRH:0
end_of_record
TN:
SF:controllers\bundlegroup-controller.js
FN:5,(anonymous_0)
FN:6,(anonymous_1)
FN:22,(anonymous_2)
FN:25,(anonymous_3)
FN:44,(anonymous_4)
FN:48,(anonymous_5)
FN:55,(anonymous_6)
FN:56,(anonymous_7)
FN:72,(anonymous_8)
FNF:9
FNH:9
FNDA:6,(anonymous_0)
FNDA:6,(anonymous_1)
FNDA:6,(anonymous_2)
FNDA:12,(anonymous_3)
FNDA:9,(anonymous_4)
FNDA:1,(anonymous_5)
FNDA:3,(anonymous_6)
FNDA:3,(anonymous_7)
FNDA:3,(anonymous_8)
DA:1,4
DA:2,4
DA:3,4
DA:5,4
DA:6,6
DA:7,6
DA:8,0
DA:13,6
DA:14,3
DA:19,3
DA:22,6
DA:25,4
DA:26,12
DA:28,12
DA:29,2
DA:34,10
DA:36,10
DA:37,0
DA:42,10
DA:45,9
DA:49,1
DA:55,4
DA:56,3
DA:57,3
DA:58,0
DA:63,3
DA:64,0
DA:69,3
DA:72,3
DA:75,4
LF:30
LH:26
BRDA:7,0,0,0
BRDA:7,0,1,6
BRDA:13,1,0,3
BRDA:13,1,1,3
BRDA:28,2,0,2
BRDA:28,2,1,10
BRDA:36,3,0,0
BRDA:36,3,1,10
BRDA:57,4,0,0
BRDA:57,4,1,3
BRDA:63,5,0,0
BRDA:63,5,1,3
BRF:12
BRH:8
end_of_record
TN:
SF:controllers\readingbundle-controller.js
FN:3,(anonymous_0)
FN:4,(anonymous_1)
FN:20,(anonymous_2)
FN:23,(anonymous_3)
FN:24,(anonymous_4)
FN:40,(anonymous_5)
FN:43,(anonymous_6)
FN:44,(anonymous_7)
FN:60,(anonymous_8)
FN:63,(anonymous_9)
FN:64,(anonymous_10)
FN:80,(anonymous_11)
FN:83,(anonymous_12)
FN:84,(anonymous_13)
FN:100,(anonymous_14)
FN:103,(anonymous_15)
FN:122,(anonymous_16)
FN:130,(anonymous_17)
FN:140,(anonymous_18)
FN:148,(anonymous_19)
FN:159,(anonymous_20)
FN:167,(anonymous_21)
FN:178,(anonymous_22)
FN:179,(anonymous_23)
FN:195,(anonymous_24)
FNF:25
FNH:24
FNDA:6,(anonymous_0)
FNDA:6,(anonymous_1)
FNDA:6,(anonymous_2)
FNDA:6,(anonymous_3)
FNDA:6,(anonymous_4)
FNDA:6,(anonymous_5)
FNDA:6,(anonymous_6)
FNDA:6,(anonymous_7)
FNDA:6,(anonymous_8)
FNDA:5,(anonymous_9)
FNDA:5,(anonymous_10)
FNDA:5,(anonymous_11)
FNDA:6,(anonymous_12)
FNDA:6,(anonymous_13)
FNDA:6,(anonymous_14)
FNDA:26,(anonymous_15)
FNDA:23,(anonymous_16)
FNDA:1,(anonymous_17)
FNDA:4,(anonymous_18)
FNDA:2,(anonymous_19)
FNDA:2,(anonymous_20)
FNDA:0,(anonymous_21)
FNDA:3,(anonymous_22)
FNDA:3,(anonymous_23)
FNDA:3,(anonymous_24)
DA:1,4
DA:3,4
DA:4,6
DA:5,6
DA:6,0
DA:11,6
DA:12,3
DA:17,3
DA:20,6
DA:23,4
DA:24,6
DA:25,6
DA:26,0
DA:31,6
DA:32,3
DA:37,3
DA:40,6
DA:43,4
DA:44,6
DA:45,6
DA:46,0
DA:51,6
DA:52,3
DA:57,3
DA:60,6
DA:63,4
DA:64,5
DA:65,5
DA:66,0
DA:71,5
DA:72,2
DA:77,3
DA:80,5
DA:83,4
DA:84,6
DA:85,6
DA:86,0
DA:91,6
DA:92,3
DA:97,3
DA:100,6
DA:103,4
DA:104,26
DA:106,26
DA:107,2
DA:112,24
DA:114,24
DA:115,0
DA:120,24
DA:123,23
DA:131,1
DA:140,4
DA:141,4
DA:142,4
DA:143,2
DA:148,2
DA:149,2
DA:150,0
DA:155,2
DA:157,2
DA:160,2
DA:168,0
DA:178,4
DA:179,3
DA:180,3
DA:181,0
DA:186,3
DA:187,0
DA:192,3
DA:195,3
DA:198,4
LF:71
LH:61
BRDA:5,0,0,0
BRDA:5,0,1,6
BRDA:11,1,0,3
BRDA:11,1,1,3
BRDA:25,2,0,0
BRDA:25,2,1,6
BRDA:31,3,0,3
BRDA:31,3,1,3
BRDA:45,4,0,0
BRDA:45,4,1,6
BRDA:51,5,0,3
BRDA:51,5,1,3
BRDA:65,6,0,0
BRDA:65,6,1,5
BRDA:71,7,0,2
BRDA:71,7,1,3
BRDA:85,8,0,0
BRDA:85,8,1,6
BRDA:91,9,0,3
BRDA:91,9,1,3
BRDA:106,10,0,2
BRDA:106,10,1,24
BRDA:114,11,0,0
BRDA:114,11,1,24
BRDA:142,12,0,2
BRDA:142,12,1,2
BRDA:149,13,0,0
BRDA:149,13,1,2
BRDA:180,14,0,0
BRDA:180,14,1,3
BRDA:186,15,0,0
BRDA:186,15,1,3
BRF:32
BRH:23
end_of_record
TN:
SF:controllers\sensordata-controller.js
FN:7,(anonymous_0)
FN:25,(anonymous_1)
FN:32,(anonymous_2)
FN:40,(anonymous_3)
FN:41,(anonymous_4)
FN:53,(anonymous_5)
FN:56,(anonymous_6)
FN:57,(anonymous_7)
FN:69,(anonymous_8)
FN:72,(anonymous_9)
FN:73,(anonymous_10)
FN:83,(anonymous_11)
FN:86,(anonymous_12)
FN:87,(anonymous_13)
FN:99,(anonymous_14)
FN:102,(anonymous_15)
FN:103,(anonymous_16)
FN:113,(anonymous_17)
FN:116,(anonymous_18)
FN:117,(anonymous_19)
FN:127,(anonymous_20)
FN:130,(anonymous_21)
FN:134,(anonymous_22)
FN:135,(anonymous_23)
FN:140,(anonymous_24)
FN:150,(anonymous_25)
FN:154,(anonymous_26)
FN:156,(anonymous_27)
FN:159,(anonymous_28)
FN:162,(anonymous_29)
FN:171,(anonymous_30)
FN:183,(anonymous_31)
FN:205,(anonymous_32)
FN:208,(anonymous_33)
FN:214,(anonymous_34)
FN:215,(anonymous_35)
FN:240,(anonymous_36)
FN:243,(anonymous_37)
FN:244,(anonymous_38)
FN:269,(anonymous_39)
FNF:40
FNH:31
FNDA:28,(anonymous_0)
FNDA:25,(anonymous_1)
FNDA:1,(anonymous_2)
FNDA:8,(anonymous_3)
FNDA:8,(anonymous_4)
FNDA:8,(anonymous_5)
FNDA:6,(anonymous_6)
FNDA:6,(anonymous_7)
FNDA:6,(anonymous_8)
FNDA:6,(anonymous_9)
FNDA:6,(anonymous_10)
FNDA:6,(anonymous_11)
FNDA:6,(anonymous_12)
FNDA:6,(anonymous_13)
FNDA:6,(anonymous_14)
FNDA:3,(anonymous_15)
FNDA:3,(anonymous_16)
FNDA:3,(anonymous_17)
FNDA:1,(anonymous_18)
FNDA:1,(anonymous_19)
FNDA:1,(anonymous_20)
FNDA:0,(anonymous_21)
FNDA:0,(anonymous_22)
FNDA:0,(anonymous_23)
FNDA:0,(anonymous_24)
FNDA:0,(anonymous_25)
FNDA:0,(anonymous_26)
FNDA:0,(anonymous_27)
FNDA:0,(anonymous_28)
FNDA:0,(anonymous_29)
FNDA:4,(anonymous_30)
FNDA:1,(anonymous_31)
FNDA:1,(anonymous_32)
FNDA:1,(anonymous_33)
FNDA:5,(anonymous_34)
FNDA:5,(anonymous_35)
FNDA:5,(anonymous_36)
FNDA:6,(anonymous_37)
FNDA:6,(anonymous_38)
FNDA:6,(anonymous_39)
DA:1,4
DA:2,4
DA:3,4
DA:4,4
DA:5,4
DA:7,4
DA:8,28
DA:10,28
DA:11,2
DA:17,26
DA:19,26
DA:20,0
DA:23,26
DA:26,25
DA:33,1
DA:40,4
DA:41,8
DA:42,8
DA:43,0
DA:46,8
DA:47,5
DA:52,3
DA:53,8
DA:56,4
DA:57,6
DA:58,6
DA:59,0
DA:62,6
DA:63,3
DA:68,3
DA:69,6
DA:72,4
DA:73,6
DA:74,6
DA:75,0
DA:78,6
DA:79,3
DA:82,3
DA:83,6
DA:86,4
DA:87,6
DA:88,6
DA:89,0
DA:92,6
DA:93,3
DA:98,3
DA:99,6
DA:102,4
DA:103,3
DA:104,3
DA:105,0
DA:108,3
DA:109,0
DA:112,3
DA:113,3
DA:116,4
DA:117,1
DA:118,1
DA:119,0
DA:122,1
DA:123,0
DA:126,1
DA:127,1
DA:130,4
DA:131,0
DA:132,0
DA:133,0
DA:134,0
DA:135,0
DA:136,0
DA:137,0
DA:139,0
DA:140,0
DA:141,0
DA:142,0
DA:147,0
DA:150,4
DA:151,0
DA:152,0
DA:153,0
DA:154,0
DA:155,0
DA:157,0
DA:160,0
DA:163,0
DA:164,0
DA:166,0
DA:171,4
DA:172,4
DA:174,4
DA:175,2
DA:183,2
DA:184,1
DA:185,1
DA:186,1
DA:187,1
DA:188,1
DA:189,1
DA:190,1
DA:191,1
DA:192,1
DA:194,1
DA:195,1
DA:197,1
DA:199,1
DA:200,0
DA:203,1
DA:206,1
DA:209,1
DA:214,4
DA:215,5
DA:216,5
DA:217,0
DA:225,5
DA:226,2
DA:234,3
DA:240,5
DA:243,4
DA:244,6
DA:245,6
DA:246,0
DA:254,6
DA:255,3
DA:263,3
DA:269,6
DA:272,4
LF:126
LH:92
BRDA:10,0,0,2
BRDA:10,0,1,26
BRDA:19,1,0,0
BRDA:19,1,1,26
BRDA:42,2,0,0
BRDA:42,2,1,8
BRDA:46,3,0,5
BRDA:46,3,1,3
BRDA:58,4,0,0
BRDA:58,4,1,6
BRDA:62,5,0,3
BRDA:62,5,1,3
BRDA:74,6,0,0
BRDA:74,6,1,6
BRDA:78,7,0,3
BRDA:78,7,1,3
BRDA:88,8,0,0
BRDA:88,8,1,6
BRDA:92,9,0,3
BRDA:92,9,1,3
BRDA:104,10,0,0
BRDA:104,10,1,3
BRDA:108,11,0,0
BRDA:108,11,1,3
BRDA:118,12,0,0
BRDA:118,12,1,1
BRDA:122,13,0,0
BRDA:122,13,1,1
BRDA:136,14,0,0
BRDA:136,14,1,0
BRDA:163,15,0,0
BRDA:163,15,1,0
BRDA:174,16,0,2
BRDA:174,16,1,2
BRDA:190,17,0,1
BRDA:190,17,1,0
BRDA:190,18,0,1
BRDA:190,18,1,0
BRDA:191,19,0,1
BRDA:191,19,1,0
BRDA:191,20,0,1
BRDA:191,20,1,0
BRDA:199,21,0,0
BRDA:199,21,1,1
BRDA:216,22,0,0
BRDA:216,22,1,5
BRDA:225,23,0,2
BRDA:225,23,1,3
BRDA:245,24,0,0
BRDA:245,24,1,6
BRDA:254,25,0,3
BRDA:254,25,1,3
BRF:52
BRH:32
end_of_record
TN:
SF:controllers\user-controller.js
FN:4,(anonymous_0)
FN:25,(anonymous_1)
FN:32,(anonymous_2)
FN:40,(anonymous_3)
FN:41,(anonymous_4)
FN:53,(anonymous_5)
FN:56,(anonymous_6)
FN:57,(anonymous_7)
FN:69,(anonymous_8)
FN:72,(anonymous_9)
FN:82,(anonymous_10)
FN:96,(anonymous_11)
FN:102,(anonymous_12)
FN:111,(anonymous_13)
FN:142,(anonymous_14)
FN:143,(anonymous_15)
FN:153,(anonymous_16)
FNF:17
FNH:14
FNDA:16,(anonymous_0)
FNDA:13,(anonymous_1)
FNDA:0,(anonymous_2)
FNDA:8,(anonymous_3)
FNDA:8,(anonymous_4)
FNDA:8,(anonymous_5)
FNDA:6,(anonymous_6)
FNDA:6,(anonymous_7)
FNDA:6,(anonymous_8)
FNDA:4,(anonymous_9)
FNDA:2,(anonymous_10)
FNDA:2,(anonymous_11)
FNDA:0,(anonymous_12)
FNDA:0,(anonymous_13)
FNDA:5,(anonymous_14)
FNDA:5,(anonymous_15)
FNDA:5,(anonymous_16)
DA:1,4
DA:2,4
DA:4,4
DA:5,16
DA:7,16
DA:8,2
DA:14,14
DA:15,14
DA:17,13
DA:19,13
DA:20,0
DA:23,13
DA:26,13
DA:33,0
DA:40,4
DA:41,8
DA:42,8
DA:43,0
DA:46,8
DA:47,3
DA:52,5
DA:53,8
DA:56,4
DA:57,6
DA:58,6
DA:59,0
DA:62,6
DA:63,3
DA:68,3
DA:69,6
DA:72,4
DA:73,4
DA:75,4
DA:76,2
DA:82,2
DA:83,2
DA:84,0
DA:90,2
DA:91,2
DA:92,2
DA:94,2
DA:97,2
DA:103,0
DA:111,4
DA:112,0
DA:113,0
DA:115,0
DA:116,0
DA:122,0
DA:123,0
DA:124,0
DA:130,0
DA:135,0
DA:142,4
DA:143,5
DA:144,5
DA:145,1
DA:148,4
DA:149,3
DA:152,1
DA:153,5
DA:156,4
LF:62
LH:47
BRDA:7,0,0,2
BRDA:7,0,1,14
BRDA:19,1,0,0
BRDA:19,1,1,13
BRDA:42,2,0,0
BRDA:42,2,1,8
BRDA:46,3,0,3
BRDA:46,3,1,5
BRDA:58,4,0,0
BRDA:58,4,1,6
BRDA:62,5,0,3
BRDA:62,5,1,3
BRDA:75,6,0,2
BRDA:75,6,1,2
BRDA:83,7,0,0
BRDA:83,7,1,2
BRDA:115,8,0,0
BRDA:115,8,1,0
BRDA:123,9,0,0
BRDA:123,9,1,0
BRDA:144,10,0,1
BRDA:144,10,1,4
BRDA:148,11,0,3
BRDA:148,11,1,1
BRF:24
BRH:16
end_of_record
TN:
SF:db\index.js
FN:5,(anonymous_0)
FNF:1
FNH:0
FNDA:0,(anonymous_0)
DA:1,4
DA:3,4
DA:6,0
DA:10,4
DA:12,4
LF:5
LH:4
BRF:0
BRH:0
end_of_record
TN:
SF:db\seeder.js
FN:9,(anonymous_0)
FN:10,(anonymous_1)
FNF:2
FNH:2
FNDA:4,(anonymous_0)
FNDA:4,(anonymous_1)
DA:1,4
DA:3,4
DA:9,4
DA:10,4
DA:11,4
DA:12,4
DA:13,4
DA:14,0
DA:19,4
LF:9
LH:8
BRDA:11,0,0,4
BRDA:11,0,1,0
BRDA:13,1,0,0
BRDA:13,1,1,0
BRF:4
BRH:1
end_of_record
TN:
SF:models\bundlegroup-model.js
FNF:0
FNH:0
DA:1,4
DA:2,4
DA:4,4
DA:12,4
LF:4
LH:4
BRF:0
BRH:0
end_of_record
TN:
SF:models\readingbundle-model.js
FNF:0
FNH:0
DA:1,4
DA:2,4
DA:4,4
DA:13,4
LF:4
LH:4
BRF:0
BRH:0
end_of_record
TN:
SF:models\sensordata-model.js
FNF:0
FNH:0
DA:1,4
DA:2,4
DA:4,4
DA:19,4
LF:4
LH:4
BRF:0
BRH:0
end_of_record
TN:
SF:models\user-model.js
FNF:0
FNH:0
DA:1,4
DA:2,4
DA:4,4
DA:13,4
LF:4
LH:4
BRF:0
BRH:0
end_of_record
TN:
SF:routes\sensordata-router.js
FNF:0
FNH:0
DA:1,4
DA:3,4
DA:4,4
DA:5,4
DA:6,4
DA:8,4
DA:11,4
DA:12,4
DA:13,4
DA:14,4
DA:15,4
DA:16,4
DA:17,4
DA:18,4
DA:19,4
DA:22,4
DA:23,4
DA:24,4
DA:27,4
DA:28,4
DA:29,4
DA:30,4
DA:31,4
DA:32,4
DA:35,4
DA:36,4
DA:37,4
DA:38,4
DA:39,4
DA:40,4
DA:41,4
DA:42,4
DA:45,4
DA:46,4
DA:47,4
DA:49,4
LF:36
LH:36
BRF:0
BRH:0
end_of_record
TN:
SF:tests\db.js
FN:6,(anonymous_0)
FN:17,(anonymous_1)
FN:25,(anonymous_2)
FNF:3
FNH:3
FNDA:4,(anonymous_0)
FNDA:4,(anonymous_1)
FNDA:135,(anonymous_2)
DA:1,4
DA:2,4
DA:4,4
DA:6,4
DA:7,4
DA:8,4
DA:10,4
DA:14,4
DA:17,4
DA:18,4
DA:19,4
DA:20,4
DA:21,4
DA:25,4
DA:26,135
DA:27,135
DA:29,135
DA:30,540
DA:31,540
LF:19
LH:19
BRDA:18,0,0,4
BRDA:18,0,1,0
BRDA:26,1,0,135
BRDA:26,1,1,0
BRF:4
BRH:2
end_of_record
